This is pdfTeX, Version 3.14159265-2.6-1.40.16 (TeX Live 2015/W32TeX) (preloaded format=pdflatex 2018.12.18)  5 MAY 2022 17:26
entering extended mode
 restricted \write18 enabled.
 %&-line parsing enabled.
**"./Supervised Learning.tex"
(./Supervised Learning.tex
LaTeX2e <2015/01/01>
Babel <3.9l> and hyphenation patterns for 79 languages loaded.
(d:/texlive/2015/texmf-dist/tex/latex/beamer/beamer.cls
(d:/texlive/2015/texmf-dist/tex/latex/beamer/beamerbasercs.sty
Package: beamerbasercs 2015/03/08 (rcs-revision 368aa9ba9d38)
)
Document Class: beamer 2015/01/05 3.36 A class for typesetting presentations (r
cs-revision 8a39122e1f63)
(d:/texlive/2015/texmf-dist/tex/latex/beamer/beamerbasemodes.sty
Package: beamerbasemodes 2013/09/03 (rcs-revision 768f2d98ca64)
\beamer@tempbox=\box26
\beamer@tempcount=\count79
\c@beamerpauses=\count80

(d:/texlive/2015/texmf-dist/tex/latex/beamer/beamerbasedecode.sty
Package: beamerbasedecode 2010/05/01 (rcs-revision efa082c6111d)
\beamer@slideinframe=\count81
\beamer@minimum=\count82
)
\beamer@commentbox=\box27
\beamer@modecount=\count83
)
(d:/texlive/2015/texmf-dist/tex/generic/oberdiek/ifpdf.sty
Package: ifpdf 2011/01/30 v2.3 Provides the ifpdf switch (HO)
Package ifpdf Info: pdfTeX in PDF mode is detected.
)
\headheight=\dimen102
\headdp=\dimen103
\footheight=\dimen104
\sidebarheight=\dimen105
\beamer@tempdim=\dimen106
\beamer@finalheight=\dimen107
\beamer@animht=\dimen108
\beamer@animdp=\dimen109
\beamer@animwd=\dimen110
\beamer@leftmargin=\dimen111
\beamer@rightmargin=\dimen112
\beamer@leftsidebar=\dimen113
\beamer@rightsidebar=\dimen114
\beamer@boxsize=\dimen115
\beamer@vboxoffset=\dimen116
\beamer@descdefault=\dimen117
\beamer@descriptionwidth=\dimen118
\beamer@lastskip=\skip41
\beamer@areabox=\box28
\beamer@animcurrent=\box29
\beamer@animshowbox=\box30
\beamer@sectionbox=\box31
\beamer@logobox=\box32
\beamer@linebox=\box33
\beamer@sectioncount=\count84
\beamer@subsubsectionmax=\count85
\beamer@subsectionmax=\count86
\beamer@sectionmax=\count87
\beamer@totalheads=\count88
\beamer@headcounter=\count89
\beamer@partstartpage=\count90
\beamer@sectionstartpage=\count91
\beamer@subsectionstartpage=\count92
\beamer@animationtempa=\count93
\beamer@animationtempb=\count94
\beamer@xpos=\count95
\beamer@ypos=\count96
\beamer@showpartnumber=\count97
\beamer@currentsubsection=\count98
\beamer@coveringdepth=\count99
\beamer@sectionadjust=\count100
\beamer@tocsectionnumber=\count101

(d:/texlive/2015/texmf-dist/tex/latex/beamer/beamerbaseoptions.sty
Package: beamerbaseoptions 2013/03/10 (rcs-revision 47431932db0d)

(d:/texlive/2015/texmf-dist/tex/latex/graphics/keyval.sty
Package: keyval 2014/10/28 v1.15 key=value parser (DPC)
\KV@toks@=\toks14
))
\beamer@paperwidth=\skip42
\beamer@paperheight=\skip43

(d:/texlive/2015/texmf-dist/tex/latex/geometry/geometry.sty
Package: geometry 2010/09/12 v5.6 Page Geometry

(d:/texlive/2015/texmf-dist/tex/generic/oberdiek/ifvtex.sty
Package: ifvtex 2010/03/01 v1.5 Detect VTeX and its facilities (HO)
Package ifvtex Info: VTeX not detected.
)
(d:/texlive/2015/texmf-dist/tex/generic/ifxetex/ifxetex.sty
Package: ifxetex 2010/09/12 v0.6 Provides ifxetex conditional
)
\Gm@cnth=\count102
\Gm@cntv=\count103
\c@Gm@tempcnt=\count104
\Gm@bindingoffset=\dimen119
\Gm@wd@mp=\dimen120
\Gm@odd@mp=\dimen121
\Gm@even@mp=\dimen122
\Gm@layoutwidth=\dimen123
\Gm@layoutheight=\dimen124
\Gm@layouthoffset=\dimen125
\Gm@layoutvoffset=\dimen126
\Gm@dimlist=\toks15
)
(d:/texlive/2015/texmf-dist/tex/latex/extsizes/size9.clo
File: size9.clo 1999/11/11 v1.4a NON-Standard LaTeX file (size option)
)
(d:/texlive/2015/texmf-dist/tex/latex/pgf/basiclayer/pgfcore.sty
(d:/texlive/2015/texmf-dist/tex/latex/graphics/graphicx.sty
Package: graphicx 2014/10/28 v1.0g Enhanced LaTeX Graphics (DPC,SPQR)

(d:/texlive/2015/texmf-dist/tex/latex/graphics/graphics.sty
Package: graphics 2014/10/28 v1.0p Standard LaTeX Graphics (DPC,SPQR)

(d:/texlive/2015/texmf-dist/tex/latex/graphics/trig.sty
Package: trig 1999/03/16 v1.09 sin cos tan (DPC)
)
(d:/texlive/2015/texmf-dist/tex/latex/latexconfig/graphics.cfg
File: graphics.cfg 2010/04/23 v1.9 graphics configuration of TeX Live
)
Package graphics Info: Driver file: pdftex.def on input line 94.

(d:/texlive/2015/texmf-dist/tex/latex/pdftex-def/pdftex.def
File: pdftex.def 2011/05/27 v0.06d Graphics/color for pdfTeX

(d:/texlive/2015/texmf-dist/tex/generic/oberdiek/infwarerr.sty
Package: infwarerr 2010/04/08 v1.3 Providing info/warning/error messages (HO)
)
(d:/texlive/2015/texmf-dist/tex/generic/oberdiek/ltxcmds.sty
Package: ltxcmds 2011/11/09 v1.22 LaTeX kernel commands for general use (HO)
)
\Gread@gobject=\count105
))
\Gin@req@height=\dimen127
\Gin@req@width=\dimen128
)
(d:/texlive/2015/texmf-dist/tex/latex/pgf/systemlayer/pgfsys.sty
(d:/texlive/2015/texmf-dist/tex/latex/pgf/utilities/pgfrcs.sty
(d:/texlive/2015/texmf-dist/tex/generic/pgf/utilities/pgfutil-common.tex
\pgfutil@everybye=\toks16
\pgfutil@tempdima=\dimen129
\pgfutil@tempdimb=\dimen130

(d:/texlive/2015/texmf-dist/tex/generic/pgf/utilities/pgfutil-common-lists.tex)
) (d:/texlive/2015/texmf-dist/tex/generic/pgf/utilities/pgfutil-latex.def
\pgfutil@abb=\box34

(d:/texlive/2015/texmf-dist/tex/latex/ms/everyshi.sty
Package: everyshi 2001/05/15 v3.00 EveryShipout Package (MS)
))
(d:/texlive/2015/texmf-dist/tex/generic/pgf/utilities/pgfrcs.code.tex
Package: pgfrcs 2013/12/20 v3.0.0 (rcs-revision 1.28)
))
(d:/texlive/2015/texmf-dist/tex/generic/pgf/systemlayer/pgfsys.code.tex
Package: pgfsys 2013/11/30 v3.0.0 (rcs-revision 1.47)

(d:/texlive/2015/texmf-dist/tex/generic/pgf/utilities/pgfkeys.code.tex
\pgfkeys@pathtoks=\toks17
\pgfkeys@temptoks=\toks18

(d:/texlive/2015/texmf-dist/tex/generic/pgf/utilities/pgfkeysfiltered.code.tex
\pgfkeys@tmptoks=\toks19
))
\pgf@x=\dimen131
\pgf@y=\dimen132
\pgf@xa=\dimen133
\pgf@ya=\dimen134
\pgf@xb=\dimen135
\pgf@yb=\dimen136
\pgf@xc=\dimen137
\pgf@yc=\dimen138
\w@pgf@writea=\write3
\r@pgf@reada=\read1
\c@pgf@counta=\count106
\c@pgf@countb=\count107
\c@pgf@countc=\count108
\c@pgf@countd=\count109
\t@pgf@toka=\toks20
\t@pgf@tokb=\toks21
\t@pgf@tokc=\toks22
 (d:/texlive/2015/texmf-dist/tex/generic/pgf/systemlayer/pgf.cfg
File: pgf.cfg 2008/05/14  (rcs-revision 1.7)
)
Driver file for pgf: pgfsys-pdftex.def

(d:/texlive/2015/texmf-dist/tex/generic/pgf/systemlayer/pgfsys-pdftex.def
File: pgfsys-pdftex.def 2013/07/18  (rcs-revision 1.33)

(d:/texlive/2015/texmf-dist/tex/generic/pgf/systemlayer/pgfsys-common-pdf.def
File: pgfsys-common-pdf.def 2013/10/10  (rcs-revision 1.13)
)))
(d:/texlive/2015/texmf-dist/tex/generic/pgf/systemlayer/pgfsyssoftpath.code.tex
File: pgfsyssoftpath.code.tex 2013/09/09  (rcs-revision 1.9)
\pgfsyssoftpath@smallbuffer@items=\count110
\pgfsyssoftpath@bigbuffer@items=\count111
)
(d:/texlive/2015/texmf-dist/tex/generic/pgf/systemlayer/pgfsysprotocol.code.tex
File: pgfsysprotocol.code.tex 2006/10/16  (rcs-revision 1.4)
)) (d:/texlive/2015/texmf-dist/tex/latex/xcolor/xcolor.sty
Package: xcolor 2007/01/21 v2.11 LaTeX color extensions (UK)

(d:/texlive/2015/texmf-dist/tex/latex/latexconfig/color.cfg
File: color.cfg 2007/01/18 v1.5 color configuration of teTeX/TeXLive
)
Package xcolor Info: Driver file: pdftex.def on input line 225.
Package xcolor Info: Model `cmy' substituted by `cmy0' on input line 1337.
Package xcolor Info: Model `hsb' substituted by `rgb' on input line 1341.
Package xcolor Info: Model `RGB' extended on input line 1353.
Package xcolor Info: Model `HTML' substituted by `rgb' on input line 1355.
Package xcolor Info: Model `Hsb' substituted by `hsb' on input line 1356.
Package xcolor Info: Model `tHsb' substituted by `hsb' on input line 1357.
Package xcolor Info: Model `HSB' substituted by `hsb' on input line 1358.
Package xcolor Info: Model `Gray' substituted by `gray' on input line 1359.
Package xcolor Info: Model `wave' substituted by `hsb' on input line 1360.
)
(d:/texlive/2015/texmf-dist/tex/generic/pgf/basiclayer/pgfcore.code.tex
Package: pgfcore 2010/04/11 v3.0.0 (rcs-revision 1.7)

(d:/texlive/2015/texmf-dist/tex/generic/pgf/math/pgfmath.code.tex
(d:/texlive/2015/texmf-dist/tex/generic/pgf/math/pgfmathcalc.code.tex
(d:/texlive/2015/texmf-dist/tex/generic/pgf/math/pgfmathutil.code.tex)
(d:/texlive/2015/texmf-dist/tex/generic/pgf/math/pgfmathparser.code.tex
\pgfmath@dimen=\dimen139
\pgfmath@count=\count112
\pgfmath@box=\box35
\pgfmath@toks=\toks23
\pgfmath@stack@operand=\toks24
\pgfmath@stack@operation=\toks25
)
(d:/texlive/2015/texmf-dist/tex/generic/pgf/math/pgfmathfunctions.code.tex
(d:/texlive/2015/texmf-dist/tex/generic/pgf/math/pgfmathfunctions.basic.code.te
x)
(d:/texlive/2015/texmf-dist/tex/generic/pgf/math/pgfmathfunctions.trigonometric
.code.tex)
(d:/texlive/2015/texmf-dist/tex/generic/pgf/math/pgfmathfunctions.random.code.t
ex)
(d:/texlive/2015/texmf-dist/tex/generic/pgf/math/pgfmathfunctions.comparison.co
de.tex)
(d:/texlive/2015/texmf-dist/tex/generic/pgf/math/pgfmathfunctions.base.code.tex
)
(d:/texlive/2015/texmf-dist/tex/generic/pgf/math/pgfmathfunctions.round.code.te
x)
(d:/texlive/2015/texmf-dist/tex/generic/pgf/math/pgfmathfunctions.misc.code.tex
)
(d:/texlive/2015/texmf-dist/tex/generic/pgf/math/pgfmathfunctions.integerarithm
etics.code.tex)))
(d:/texlive/2015/texmf-dist/tex/generic/pgf/math/pgfmathfloat.code.tex
\c@pgfmathroundto@lastzeros=\count113
))
(d:/texlive/2015/texmf-dist/tex/generic/pgf/basiclayer/pgfcorepoints.code.tex
File: pgfcorepoints.code.tex 2013/10/07  (rcs-revision 1.27)
\pgf@picminx=\dimen140
\pgf@picmaxx=\dimen141
\pgf@picminy=\dimen142
\pgf@picmaxy=\dimen143
\pgf@pathminx=\dimen144
\pgf@pathmaxx=\dimen145
\pgf@pathminy=\dimen146
\pgf@pathmaxy=\dimen147
\pgf@xx=\dimen148
\pgf@xy=\dimen149
\pgf@yx=\dimen150
\pgf@yy=\dimen151
\pgf@zx=\dimen152
\pgf@zy=\dimen153
)
(d:/texlive/2015/texmf-dist/tex/generic/pgf/basiclayer/pgfcorepathconstruct.cod
e.tex
File: pgfcorepathconstruct.code.tex 2013/10/07  (rcs-revision 1.29)
\pgf@path@lastx=\dimen154
\pgf@path@lasty=\dimen155
)
(d:/texlive/2015/texmf-dist/tex/generic/pgf/basiclayer/pgfcorepathusage.code.te
x
File: pgfcorepathusage.code.tex 2013/12/13  (rcs-revision 1.23)
\pgf@shorten@end@additional=\dimen156
\pgf@shorten@start@additional=\dimen157
)
(d:/texlive/2015/texmf-dist/tex/generic/pgf/basiclayer/pgfcorescopes.code.tex
File: pgfcorescopes.code.tex 2013/10/09  (rcs-revision 1.44)
\pgfpic=\box36
\pgf@hbox=\box37
\pgf@layerbox@main=\box38
\pgf@picture@serial@count=\count114
)
(d:/texlive/2015/texmf-dist/tex/generic/pgf/basiclayer/pgfcoregraphicstate.code
.tex
File: pgfcoregraphicstate.code.tex 2013/09/19  (rcs-revision 1.11)
\pgflinewidth=\dimen158
)
(d:/texlive/2015/texmf-dist/tex/generic/pgf/basiclayer/pgfcoretransformations.c
ode.tex
File: pgfcoretransformations.code.tex 2013/10/10  (rcs-revision 1.17)
\pgf@pt@x=\dimen159
\pgf@pt@y=\dimen160
\pgf@pt@temp=\dimen161
)
(d:/texlive/2015/texmf-dist/tex/generic/pgf/basiclayer/pgfcorequick.code.tex
File: pgfcorequick.code.tex 2008/10/09  (rcs-revision 1.3)
)
(d:/texlive/2015/texmf-dist/tex/generic/pgf/basiclayer/pgfcoreobjects.code.tex
File: pgfcoreobjects.code.tex 2006/10/11  (rcs-revision 1.2)
)
(d:/texlive/2015/texmf-dist/tex/generic/pgf/basiclayer/pgfcorepathprocessing.co
de.tex
File: pgfcorepathprocessing.code.tex 2013/09/09  (rcs-revision 1.9)
)
(d:/texlive/2015/texmf-dist/tex/generic/pgf/basiclayer/pgfcorearrows.code.tex
File: pgfcorearrows.code.tex 2013/11/07  (rcs-revision 1.40)
\pgfarrowsep=\dimen162
)
(d:/texlive/2015/texmf-dist/tex/generic/pgf/basiclayer/pgfcoreshade.code.tex
File: pgfcoreshade.code.tex 2013/07/15  (rcs-revision 1.15)
\pgf@max=\dimen163
\pgf@sys@shading@range@num=\count115
)
(d:/texlive/2015/texmf-dist/tex/generic/pgf/basiclayer/pgfcoreimage.code.tex
File: pgfcoreimage.code.tex 2013/07/15  (rcs-revision 1.18)

(d:/texlive/2015/texmf-dist/tex/generic/pgf/basiclayer/pgfcoreexternal.code.tex
File: pgfcoreexternal.code.tex 2013/07/15  (rcs-revision 1.20)
\pgfexternal@startupbox=\box39
))
(d:/texlive/2015/texmf-dist/tex/generic/pgf/basiclayer/pgfcorelayers.code.tex
File: pgfcorelayers.code.tex 2013/07/18  (rcs-revision 1.7)
)
(d:/texlive/2015/texmf-dist/tex/generic/pgf/basiclayer/pgfcoretransparency.code
.tex
File: pgfcoretransparency.code.tex 2013/09/30  (rcs-revision 1.5)
)
(d:/texlive/2015/texmf-dist/tex/generic/pgf/basiclayer/pgfcorepatterns.code.tex
File: pgfcorepatterns.code.tex 2013/11/07  (rcs-revision 1.5)
))) (d:/texlive/2015/texmf-dist/tex/latex/pgf/utilities/xxcolor.sty
Package: xxcolor 2003/10/24 ver 0.1
\XC@nummixins=\count116
\XC@countmixins=\count117
)
(d:/texlive/2015/texmf-dist/tex/generic/oberdiek/atbegshi.sty
Package: atbegshi 2011/10/05 v1.16 At begin shipout hook (HO)
)
(d:/texlive/2015/texmf-dist/tex/latex/hyperref/hyperref.sty
Package: hyperref 2012/11/06 v6.83m Hypertext links for LaTeX

(d:/texlive/2015/texmf-dist/tex/generic/oberdiek/hobsub-hyperref.sty
Package: hobsub-hyperref 2012/05/28 v1.13 Bundle oberdiek, subset hyperref (HO)


(d:/texlive/2015/texmf-dist/tex/generic/oberdiek/hobsub-generic.sty
Package: hobsub-generic 2012/05/28 v1.13 Bundle oberdiek, subset generic (HO)
Package: hobsub 2012/05/28 v1.13 Construct package bundles (HO)
Package hobsub Info: Skipping package `infwarerr' (already loaded).
Package hobsub Info: Skipping package `ltxcmds' (already loaded).
Package: ifluatex 2010/03/01 v1.3 Provides the ifluatex switch (HO)
Package ifluatex Info: LuaTeX not detected.
Package hobsub Info: Skipping package `ifvtex' (already loaded).
Package: intcalc 2007/09/27 v1.1 Expandable calculations with integers (HO)
Package hobsub Info: Skipping package `ifpdf' (already loaded).
Package: etexcmds 2011/02/16 v1.5 Avoid name clashes with e-TeX commands (HO)
Package etexcmds Info: Could not find \expanded.
(etexcmds)             That can mean that you are not using pdfTeX 1.50 or
(etexcmds)             that some package has redefined \expanded.
(etexcmds)             In the latter case, load this package earlier.
Package: kvsetkeys 2012/04/25 v1.16 Key value parser (HO)
Package: kvdefinekeys 2011/04/07 v1.3 Define keys (HO)
Package: pdftexcmds 2011/11/29 v0.20 Utility functions of pdfTeX for LuaTeX (HO
)
Package pdftexcmds Info: LuaTeX not detected.
Package pdftexcmds Info: \pdf@primitive is available.
Package pdftexcmds Info: \pdf@ifprimitive is available.
Package pdftexcmds Info: \pdfdraftmode found.
Package: pdfescape 2011/11/25 v1.13 Implements pdfTeX's escape features (HO)
Package: bigintcalc 2012/04/08 v1.3 Expandable calculations on big integers (HO
)
Package: bitset 2011/01/30 v1.1 Handle bit-vector datatype (HO)
Package: uniquecounter 2011/01/30 v1.2 Provide unlimited unique counter (HO)
)
Package hobsub Info: Skipping package `hobsub' (already loaded).
Package: letltxmacro 2010/09/02 v1.4 Let assignment for LaTeX macros (HO)
Package: hopatch 2012/05/28 v1.2 Wrapper for package hooks (HO)
Package: xcolor-patch 2011/01/30 xcolor patch
Package: atveryend 2011/06/30 v1.8 Hooks at the very end of document (HO)
Package atveryend Info: \enddocument detected (standard20110627).
Package hobsub Info: Skipping package `atbegshi' (already loaded).
Package: refcount 2011/10/16 v3.4 Data extraction from label references (HO)
Package: hycolor 2011/01/30 v1.7 Color options for hyperref/bookmark (HO)
)
(d:/texlive/2015/texmf-dist/tex/latex/oberdiek/auxhook.sty
Package: auxhook 2011/03/04 v1.3 Hooks for auxiliary files (HO)
)
(d:/texlive/2015/texmf-dist/tex/latex/oberdiek/kvoptions.sty
Package: kvoptions 2011/06/30 v3.11 Key value format for package options (HO)
)
\@linkdim=\dimen164
\Hy@linkcounter=\count118
\Hy@pagecounter=\count119

(d:/texlive/2015/texmf-dist/tex/latex/hyperref/pd1enc.def
File: pd1enc.def 2012/11/06 v6.83m Hyperref: PDFDocEncoding definition (HO)
)
\Hy@SavedSpaceFactor=\count120

(d:/texlive/2015/texmf-dist/tex/latex/latexconfig/hyperref.cfg
File: hyperref.cfg 2002/06/06 v1.2 hyperref configuration of TeXLive
)
Package hyperref Info: Option `bookmarks' set `true' on input line 4319.
Package hyperref Info: Option `bookmarksopen' set `true' on input line 4319.
Package hyperref Info: Option `implicit' set `false' on input line 4319.
Package hyperref Info: Hyper figures OFF on input line 4443.
Package hyperref Info: Link nesting OFF on input line 4448.
Package hyperref Info: Hyper index ON on input line 4451.
Package hyperref Info: Plain pages OFF on input line 4458.
Package hyperref Info: Backreferencing OFF on input line 4463.
Package hyperref Info: Implicit mode OFF; no redefinition of LaTeX internals.
Package hyperref Info: Bookmarks ON on input line 4688.
\c@Hy@tempcnt=\count121

(d:/texlive/2015/texmf-dist/tex/latex/url/url.sty
\Urlmuskip=\muskip10
Package: url 2013/09/16  ver 3.4  Verb mode for urls, etc.
)
LaTeX Info: Redefining \url on input line 5041.
\XeTeXLinkMargin=\dimen165
\Fld@menulength=\count122
\Field@Width=\dimen166
\Fld@charsize=\dimen167
Package hyperref Info: Hyper figures OFF on input line 6295.
Package hyperref Info: Link nesting OFF on input line 6300.
Package hyperref Info: Hyper index ON on input line 6303.
Package hyperref Info: backreferencing OFF on input line 6310.
Package hyperref Info: Link coloring OFF on input line 6315.
Package hyperref Info: Link coloring with OCG OFF on input line 6320.
Package hyperref Info: PDF/A mode OFF on input line 6325.
LaTeX Info: Redefining \ref on input line 6365.
LaTeX Info: Redefining \pageref on input line 6369.
\Hy@abspage=\count123


Package hyperref Message: Stopped early.

)

Package hyperref Message: Driver (autodetected): hpdftex.

(d:/texlive/2015/texmf-dist/tex/latex/hyperref/hpdftex.def
File: hpdftex.def 2012/11/06 v6.83m Hyperref driver for pdfTeX
\Fld@listcount=\count124
\c@bookmark@seq@number=\count125

(d:/texlive/2015/texmf-dist/tex/latex/oberdiek/rerunfilecheck.sty
Package: rerunfilecheck 2011/04/15 v1.7 Rerun checks for auxiliary files (HO)
Package uniquecounter Info: New unique counter `rerunfilecheck' on input line 2
82.
))
(d:/texlive/2015/texmf-dist/tex/latex/beamer/beamerbaserequires.sty
Package: beamerbaserequires 2010/05/01  (rcs-revision efa082c6111d)

(d:/texlive/2015/texmf-dist/tex/latex/beamer/beamerbasecompatibility.sty
Package: beamerbasecompatibility 2012/05/01  (rcs-revision 67c48b3b652d)
)
(d:/texlive/2015/texmf-dist/tex/latex/beamer/beamerbasefont.sty
Package: beamerbasefont 2015/01/05  (rcs-revision b4b4bee242e2)

(d:/texlive/2015/texmf-dist/tex/latex/amsfonts/amssymb.sty
Package: amssymb 2013/01/14 v3.01 AMS font symbols

(d:/texlive/2015/texmf-dist/tex/latex/amsfonts/amsfonts.sty
Package: amsfonts 2013/01/14 v3.01 Basic AMSFonts support
\@emptytoks=\toks26
\symAMSa=\mathgroup4
\symAMSb=\mathgroup5
LaTeX Font Info:    Overwriting math alphabet `\mathfrak' in version `bold'
(Font)                  U/euf/m/n --> U/euf/b/n on input line 106.
))
(d:/texlive/2015/texmf-dist/tex/latex/sansmathaccent/sansmathaccent.sty
Package: sansmathaccent 2013/03/28

(d:/texlive/2015/texmf-dist/tex/latex/filehook/filehook.sty
Package: filehook 2011/10/12 v0.5d Hooks for input files
)))
(d:/texlive/2015/texmf-dist/tex/latex/beamer/beamerbasetranslator.sty
Package: beamerbasetranslator 2010/06/11  (rcs-revision 85fd1cc7fc42)

(d:/texlive/2015/texmf-dist/tex/latex/beamer/translator/translator.sty
Package: translator 2010/06/12 ver 1.10

(d:/texlive/2015/texmf-dist/tex/latex/beamer/translator/translator-language-map
pings.tex))) (d:/texlive/2015/texmf-dist/tex/latex/beamer/beamerbasemisc.sty
Package: beamerbasemisc 2013/09/03  (rcs-revision a55719c41d85)
)
(d:/texlive/2015/texmf-dist/tex/latex/beamer/beamerbasetwoscreens.sty
Package: beamerbasetwoscreens 2010/05/01  (rcs-revision efa082c6111d)
)
(d:/texlive/2015/texmf-dist/tex/latex/beamer/beamerbaseoverlay.sty
Package: beamerbaseoverlay 2013/12/25  (rcs-revision f6bd5e3805da)
\beamer@argscount=\count126
\beamer@lastskipcover=\skip44
\beamer@trivlistdepth=\count127
)
(d:/texlive/2015/texmf-dist/tex/latex/beamer/beamerbasetitle.sty
Package: beamerbasetitle 2010/09/21  (rcs-revision f0446ed0b6ae)
)
(d:/texlive/2015/texmf-dist/tex/latex/beamer/beamerbasesection.sty
Package: beamerbasesection 2013/06/07  (rcs-revision 60b9fe0f342f)
\c@lecture=\count128
\c@part=\count129
\c@section=\count130
\c@subsection=\count131
\c@subsubsection=\count132
)
(d:/texlive/2015/texmf-dist/tex/latex/beamer/beamerbaseframe.sty
Package: beamerbaseframe 2014/02/20  (rcs-revision 4b8ceeeff434)
\beamer@framebox=\box40
\beamer@frametitlebox=\box41
\beamer@zoombox=\box42
\beamer@zoomcount=\count133
\beamer@zoomframecount=\count134
\beamer@frametextheight=\dimen168
\c@subsectionslide=\count135
\beamer@frametopskip=\skip45
\beamer@framebottomskip=\skip46
\beamer@frametopskipautobreak=\skip47
\beamer@framebottomskipautobreak=\skip48
\beamer@envbody=\toks27
\framewidth=\dimen169
\c@framenumber=\count136
)
(d:/texlive/2015/texmf-dist/tex/latex/beamer/beamerbaseverbatim.sty
Package: beamerbaseverbatim 2015/01/05  (rcs-revision 431510bb5890)
\beamer@verbatimfileout=\write4
)
(d:/texlive/2015/texmf-dist/tex/latex/beamer/beamerbaseframesize.sty
Package: beamerbaseframesize 2011/09/12  (rcs-revision 70f9d8411e54)
\beamer@splitbox=\box43
\beamer@autobreakcount=\count137
\beamer@autobreaklastheight=\dimen170
\beamer@frametitletoks=\toks28
\beamer@framesubtitletoks=\toks29
)
(d:/texlive/2015/texmf-dist/tex/latex/beamer/beamerbaseframecomponents.sty
Package: beamerbaseframecomponents 2013/10/18  (rcs-revision 5cf6c5555a45)
\beamer@footins=\box44
)
(d:/texlive/2015/texmf-dist/tex/latex/beamer/beamerbasecolor.sty
Package: beamerbasecolor 2015/02/21  (rcs-revision d944b04ee2d5)
)
(d:/texlive/2015/texmf-dist/tex/latex/beamer/beamerbasenotes.sty
Package: beamerbasenotes 2012/12/19  (rcs-revision 1686da3db3c9)
\beamer@frameboxcopy=\box45
)
(d:/texlive/2015/texmf-dist/tex/latex/beamer/beamerbasetoc.sty
Package: beamerbasetoc 2015/03/08  (rcs-revision 7270298bbaae)
)
(d:/texlive/2015/texmf-dist/tex/latex/beamer/beamerbasetemplates.sty
Package: beamerbasetemplates 2010/05/01  (rcs-revision efa082c6111d)
\beamer@sbttoks=\toks30

(d:/texlive/2015/texmf-dist/tex/latex/beamer/beamerbaseauxtemplates.sty
Package: beamerbaseauxtemplates 2014/06/30  (rcs-revision 580088513a67)

(d:/texlive/2015/texmf-dist/tex/latex/beamer/beamerbaseboxes.sty
Package: beamerbaseboxes 2012/05/13  (rcs-revision 56972908a390)
\bmb@box=\box46
\bmb@colorbox=\box47
\bmb@boxshadow=\box48
\bmb@boxshadowball=\box49
\bmb@boxshadowballlarge=\box50
\bmb@temp=\dimen171
\bmb@dima=\dimen172
\bmb@dimb=\dimen173
\bmb@prevheight=\dimen174
)
\beamer@blockheadheight=\dimen175
))
(d:/texlive/2015/texmf-dist/tex/latex/beamer/beamerbaselocalstructure.sty
Package: beamerbaselocalstructure 2014/09/10  (rcs-revision 393f6dcff371)

(d:/texlive/2015/texmf-dist/tex/latex/tools/enumerate.sty
Package: enumerate 2014/10/28 v3.00 enumerate extensions (DPC)
\@enLab=\toks31
)
\c@figure=\count138
\c@table=\count139
\abovecaptionskip=\skip49
\belowcaptionskip=\skip50
)
(d:/texlive/2015/texmf-dist/tex/latex/beamer/beamerbasenavigation.sty
Package: beamerbasenavigation 2015/02/27  (rcs-revision 923f4bf87efa)
\beamer@section@min@dim=\dimen176
)
(d:/texlive/2015/texmf-dist/tex/latex/beamer/beamerbasetheorems.sty
Package: beamerbasetheorems 2010/06/06  (rcs-revision 7e7cc5e53e9d)

(d:/texlive/2015/texmf-dist/tex/latex/amsmath/amsmath.sty
Package: amsmath 2013/01/14 v2.14 AMS math features
\@mathmargin=\skip51

For additional information on amsmath, use the `?' option.
(d:/texlive/2015/texmf-dist/tex/latex/amsmath/amstext.sty
Package: amstext 2000/06/29 v2.01

(d:/texlive/2015/texmf-dist/tex/latex/amsmath/amsgen.sty
File: amsgen.sty 1999/11/30 v2.0
\@emptytoks=\toks32
\ex@=\dimen177
))
(d:/texlive/2015/texmf-dist/tex/latex/amsmath/amsbsy.sty
Package: amsbsy 1999/11/29 v1.2d
\pmbraise@=\dimen178
)
(d:/texlive/2015/texmf-dist/tex/latex/amsmath/amsopn.sty
Package: amsopn 1999/12/14 v2.01 operator names
)
\inf@bad=\count140
LaTeX Info: Redefining \frac on input line 210.
\uproot@=\count141
\leftroot@=\count142
LaTeX Info: Redefining \overline on input line 306.
\classnum@=\count143
\DOTSCASE@=\count144
LaTeX Info: Redefining \ldots on input line 378.
LaTeX Info: Redefining \dots on input line 381.
LaTeX Info: Redefining \cdots on input line 466.
\Mathstrutbox@=\box51
\strutbox@=\box52
\big@size=\dimen179
LaTeX Font Info:    Redeclaring font encoding OML on input line 566.
LaTeX Font Info:    Redeclaring font encoding OMS on input line 567.
\macc@depth=\count145
\c@MaxMatrixCols=\count146
\dotsspace@=\muskip11
\c@parentequation=\count147
\dspbrk@lvl=\count148
\tag@help=\toks33
\row@=\count149
\column@=\count150
\maxfields@=\count151
\andhelp@=\toks34
\eqnshift@=\dimen180
\alignsep@=\dimen181
\tagshift@=\dimen182
\tagwidth@=\dimen183
\totwidth@=\dimen184
\lineht@=\dimen185
\@envbody=\toks35
\multlinegap=\skip52
\multlinetaggap=\skip53
\mathdisplay@stack=\toks36
LaTeX Info: Redefining \[ on input line 2665.
LaTeX Info: Redefining \] on input line 2666.
)
(d:/texlive/2015/texmf-dist/tex/latex/amscls/amsthm.sty
Package: amsthm 2015/03/04 v2.20.2
\thm@style=\toks37
\thm@bodyfont=\toks38
\thm@headfont=\toks39
\thm@notefont=\toks40
\thm@headpunct=\toks41
\thm@preskip=\skip54
\thm@postskip=\skip55
\thm@headsep=\skip56
\dth@everypar=\toks42
)
\c@theorem=\count152
)
(d:/texlive/2015/texmf-dist/tex/latex/beamer/beamerbasethemes.sty
Package: beamerbasethemes 2010/05/01  (rcs-revision efa082c6111d)
))
(d:/texlive/2015/texmf-dist/tex/latex/beamer/themes/theme/beamerthemedefault.st
y
Package: beamerthemedefault 2010/06/17  (rcs-revision d02a7cf4d8ae)

(d:/texlive/2015/texmf-dist/tex/latex/beamer/themes/font/beamerfontthemedefault
.sty
Package: beamerfontthemedefault 2012/12/19  (rcs-revision 1686da3db3c9)
)
(d:/texlive/2015/texmf-dist/tex/latex/beamer/themes/color/beamercolorthemedefau
lt.sty
Package: beamercolorthemedefault 2012/12/19  (rcs-revision 1686da3db3c9)
)
(d:/texlive/2015/texmf-dist/tex/latex/beamer/themes/inner/beamerinnerthemedefau
lt.sty
Package: beamerinnerthemedefault 2014/06/30  (rcs-revision 580088513a67)
\beamer@dima=\dimen186
\beamer@dimb=\dimen187
)
(d:/texlive/2015/texmf-dist/tex/latex/beamer/themes/outer/beamerouterthemedefau
lt.sty
Package: beamerouterthemedefault 2012/12/19  (rcs-revision 1686da3db3c9)
))) (d:/texlive/2015/texmf-dist/tex/latex/cjk/texinput/CJK.sty
Package: CJK 2015/04/18 4.8.4

(d:/texlive/2015/texmf-dist/tex/latex/cjk/texinput/mule/MULEenc.sty
Package: MULEenc 2015/04/18 4.8.4
)
(d:/texlive/2015/texmf-dist/tex/latex/cjk/texinput/CJK.enc
File: CJK.enc 2015/04/18 4.8.4
)
LaTeX Info: Redefining \selectfont on input line 755.
\CJK@indent=\box53
)
(d:/texlive/2015/texmf-dist/tex/latex/ctex/ctex.sty
(d:/texlive/2015/texmf-dist/tex/latex/l3kernel/expl3.sty
Package: expl3 2015/03/01 v5547 L3 programming layer (loader) 

(d:/texlive/2015/texmf-dist/tex/latex/l3kernel/expl3-code.tex
Package: expl3 2015/03/01 v5547 L3 programming layer (code) 
L3 Module: l3bootstrap 2015/02/28 v5542 L3 Bootstrap code
L3 Module: l3names 2015/02/24 v5535 L3 Namespace for primitives
L3 Module: l3basics 2015/01/27 v5500 L3 Basic definitions
L3 Module: l3expan 2014/11/27 v5472 L3 Argument expansion
L3 Module: l3tl 2015/01/27 v5500 L3 Token lists
L3 Module: l3str 2015/03/01 v5545 L3 Strings
L3 Module: l3seq 2014/08/23 v5354 L3 Sequences and stacks
L3 Module: l3int 2015/02/21 v5529 L3 Integers
\c_max_int=\count153
\l_tmpa_int=\count154
\l_tmpb_int=\count155
\g_tmpa_int=\count156
\g_tmpb_int=\count157
L3 Module: l3quark 2014/08/23 v5354 L3 Quarks
L3 Module: l3prg 2014/08/23 v5354 L3 Control structures
\g__prg_map_int=\count158
L3 Module: l3clist 2014/08/23 v5354 L3 Comma separated lists
L3 Module: l3token 2014/09/15 v5422 L3 Experimental token manipulation
L3 Module: l3prop 2014/08/23 v5354 L3 Property lists
L3 Module: l3msg 2015/02/26 v5537 L3 Messages
L3 Module: l3file 2014/08/24 v5369 L3 File and I/O operations
\l_iow_line_count_int=\count159
\l__iow_target_count_int=\count160
\l__iow_current_line_int=\count161
\l__iow_current_word_int=\count162
\l__iow_current_indentation_int=\count163
L3 Module: l3skip 2014/08/23 v5354 L3 Dimensions and skips
\c_zero_dim=\dimen188
\c_max_dim=\dimen189
\l_tmpa_dim=\dimen190
\l_tmpb_dim=\dimen191
\g_tmpa_dim=\dimen192
\g_tmpb_dim=\dimen193
\c_zero_skip=\skip57
\c_max_skip=\skip58
\l_tmpa_skip=\skip59
\l_tmpb_skip=\skip60
\g_tmpa_skip=\skip61
\g_tmpb_skip=\skip62
\c_zero_muskip=\muskip12
\c_max_muskip=\muskip13
\l_tmpa_muskip=\muskip14
\l_tmpb_muskip=\muskip15
\g_tmpa_muskip=\muskip16
\g_tmpb_muskip=\muskip17
L3 Module: l3keys 2015/01/27 v5500 L3 Key-value interfaces
\g__keyval_level_int=\count164
\l_keys_choice_int=\count165
L3 Module: l3fp 2014/08/22 v5336 L3 Floating points
\c__fp_leading_shift_int=\count166
\c__fp_middle_shift_int=\count167
\c__fp_trailing_shift_int=\count168
\c__fp_big_leading_shift_int=\count169
\c__fp_big_middle_shift_int=\count170
\c__fp_big_trailing_shift_int=\count171
\c__fp_Bigg_leading_shift_int=\count172
\c__fp_Bigg_middle_shift_int=\count173
\c__fp_Bigg_trailing_shift_int=\count174
L3 Module: l3box 2014/08/23 v5354 L3 Experimental boxes
\c_empty_box=\box54
\l_tmpa_box=\box55
\l_tmpb_box=\box56
\g_tmpa_box=\box57
\g_tmpb_box=\box58
L3 Module: l3coffins 2014/08/23 v5354 L3 Coffin code layer
\l__coffin_internal_box=\box59
\l__coffin_internal_dim=\dimen194
\l__coffin_offset_x_dim=\dimen195
\l__coffin_offset_y_dim=\dimen196
\l__coffin_x_dim=\dimen197
\l__coffin_y_dim=\dimen198
\l__coffin_x_prime_dim=\dimen199
\l__coffin_y_prime_dim=\dimen200
\c_empty_coffin=\box60
\l__coffin_aligned_coffin=\box61
\l__coffin_aligned_internal_coffin=\box62
\l_tmpa_coffin=\box63
\l_tmpb_coffin=\box64
\l__coffin_display_coffin=\box65
\l__coffin_display_coord_coffin=\box66
\l__coffin_display_pole_coffin=\box67
\l__coffin_display_offset_dim=\dimen201
\l__coffin_display_x_dim=\dimen202
\l__coffin_display_y_dim=\dimen203
L3 Module: l3color 2014/08/23 v5354 L3 Experimental color support
L3 Module: l3candidates 2015/03/01 v5544 L3 Experimental additions to l3kernel
\l__box_top_dim=\dimen204
\l__box_bottom_dim=\dimen205
\l__box_left_dim=\dimen206
\l__box_right_dim=\dimen207
\l__box_top_new_dim=\dimen208
\l__box_bottom_new_dim=\dimen209
\l__box_left_new_dim=\dimen210
\l__box_right_new_dim=\dimen211
\l__box_internal_box=\box68
\l__coffin_bounding_shift_dim=\dimen212
\l__coffin_left_corner_dim=\dimen213
\l__coffin_right_corner_dim=\dimen214
\l__coffin_bottom_corner_dim=\dimen215
\l__coffin_top_corner_dim=\dimen216
\l__coffin_scaled_total_height_dim=\dimen217
\l__coffin_scaled_width_dim=\dimen218
)
(d:/texlive/2015/texmf-dist/tex/latex/l3kernel/l3unicode-data.def
File: l3unicode-data.def 2015/03/01 v5544 L3 Unicode data
)
(d:/texlive/2015/texmf-dist/tex/latex/l3kernel/l3pdfmode.def
File: l3pdfmode.def 2015/03/01 v5544 L3 Experimental driver: PDF mode
\l__driver_color_stack_int=\count175
))
Package: ctex 2015/05/16 v2.0.2 Chinese adapter in LaTeX (CTEX)

(d:/texlive/2015/texmf-dist/tex/latex/l3packages/xparse/xparse.sty
Package: xparse 2014/11/25 v5471 L3 Experimental document command parser
\l__xparse_current_arg_int=\count176
\l__xparse_m_args_int=\count177
\l__xparse_mandatory_args_int=\count178
\l__xparse_processor_int=\count179
\l__xparse_v_nesting_int=\count180
)
(d:/texlive/2015/texmf-dist/tex/latex/l3packages/l3keys2e/l3keys2e.sty
Package: l3keys2e 2014/11/25 v5471 LaTeX2e option processing using LaTeX3 keys
)
(d:/texlive/2015/texmf-dist/tex/latex/etoolbox/etoolbox.sty
Package: etoolbox 2015/05/04 v2.2 e-TeX tools for LaTeX (JAW)
\etb@tempcnta=\count181
)
(d:/texlive/2015/texmf-dist/tex/latex/base/fix-cm.sty
Package: fix-cm 2015/01/14 v1.1t fixes to LaTeX

(d:/texlive/2015/texmf-dist/tex/latex/base/ts1enc.def
File: ts1enc.def 2001/06/05 v3.0e (jk/car/fm) Standard LaTeX file
))
(d:/texlive/2015/texmf-dist/tex/latex/ms/everysel.sty
Package: everysel 2011/10/28 v1.2 EverySelectfont Package (MS)
)
\l__ctex_tmp_int=\count182
\l__ctex_tmp_dim=\dimen219
\l__ctex_tmp_box=\box69
\g__file_internal_ior=\read2

(d:/texlive/2015/texmf-dist/tex/latex/ctex/config/ctexopts.cfg
File: ctexopts.cfg 2015/05/16 v2.0.2 Option configuration file (CTEX)
)
.................................................
. LaTeX info: "xparse/define-command"
. 
. Defining command \ctexset with sig. '+m' on line 452.
.................................................
.................................................
. LaTeX info: "xparse/define-command"
. 
. Defining command \CTEXsetup with sig. '+o>{\TrimSpaces }m' on line 458.
.................................................
.................................................
. LaTeX info: "xparse/define-command"
. 
. Defining command \CTEXoptions with sig. '+o' on line 464.
.................................................
Package hyperref Info: Option `colorlinks' set `true' on input line 474.

(d:/texlive/2015/texmf-dist/tex/latex/ctex/engine/ctex-engine-pdftex.def
File: ctex-engine-pdftex.def 2015/05/16 v2.0.2 (pdf)LaTeX adapter (CTEX)

(d:/texlive/2015/texmf-dist/tex/latex/cjkpunct/CJKpunct.sty
Package: CJKpunct 2009/05/06 4.8.2
\CJKpunct@cnta=\count183
\CJKpunct@cntb=\count184
\CJKpunct@cntc=\count185
\CJKpunct@cntd=\count186
\CJKpunct@cnte=\count187
)
(d:/texlive/2015/texmf-dist/tex/latex/cjk/texinput/CJKspace.sty
Package: CJKspace 2015/04/18 3.8.0
)
(d:/texlive/2015/texmf-dist/tex/latex/cjk/texinput/standard.bdg
File: standard.bdg 2015/04/18 4.8.4
)
(d:/texlive/2015/texmf-dist/tex/latex/ctex/ctexspa.def
File: ctexspa.def 2015/05/15 v2.0.2 Space info for CJKpunct (CTEX)
)

Package hyperref Warning: Option `driverfallback' has already been used,
(hyperref)                setting the option has no effect on input line 237.

Package hyperref Info: Option `CJKbookmarks' set `true' on input line 255.
(d:/texlive/2015/texmf-dist/tex/latex/xcjk2uni/xCJK2uni.sty
Package: xCJK2uni 2014/06/20 v0.4 Convert CJK character to Unicode.
\l__CJKtu_i_min_int=\count188
\l__CJKtu_i_max_int=\count189
\l__CJKtu_ii_min_int=\count190
\l__CJKtu_ii_max_int=\count191
\l__CJKtu_gap_begin_int=\count192
\l__CJKtu_gap_end_int=\count193
\l__CJKtu_plane_int=\count194
Package hyperref Info: Option `unicode' set `true' on input line 199.

(d:/texlive/2015/texmf-dist/tex/latex/hyperref/puenc.def
File: puenc.def 2012/11/06 v6.83m Hyperref: PDF Unicode definition (HO)
)
Package hyperref Info: Option `CJKbookmarks' set `false' on input line 199.

(d:/texlive/2015/texmf-dist/tex/latex/xcjk2uni/xCJK2uni-UGBK.def
File: xCJK2uni-UGBK.def 2014/06/20 v0.4 Convert CJK character to Unicode.
))
(d:/texlive/2015/texmf-dist/tex/latex/cjk/texinput/CJKfntef.sty
Package: CJKfntef 2015/04/18 4.8.4

(d:/texlive/2015/texmf-dist/tex/latex/cjk/texinput/CJKulem.sty
Package: CJKulem 2015/04/18 4.8.4

(d:/texlive/2015/texmf-dist/tex/generic/ulem/ulem.sty
\UL@box=\box70
\UL@hyphenbox=\box71
\UL@skip=\skip63
\UL@hook=\toks43
\UL@height=\dimen220
\UL@pe=\count195
\UL@pixel=\dimen221
\ULC@box=\box72
Package: ulem 2012/05/18
\ULdepth=\dimen222
)
\UL@lastkern=\dimen223
\CJK@skip=\skip64
)
\CJK@fntefSkip=\skip65
\CJK@nest=\count196
\CJK@fntefDimen=\dimen224
\CJK@underdotBox=\box73
\CJK@ULbox=\box74
\CJK@underanyskip=\dimen225
)
\ccwd=\dimen226
\l__ctex_ccglue_skip=\skip66
)
.................................................
. LaTeX info: "xparse/define-command"
. 
. Defining command \CTEXsetfont with sig. '' on line 503.
.................................................
.................................................
. LaTeX info: "xparse/define-command"
. 
. Defining command \ziju with sig. 'm' on line 575.
.................................................
\l__ctex_ziju_dim=\dimen227
.................................................
. LaTeX info: "xparse/define-command"
. 
. Defining command \CTEXindent with sig. '' on line 616.
.................................................
.................................................
. LaTeX info: "xparse/define-command"
. 
. Defining command \CTEXnoindent with sig. '' on line 622.
.................................................

(d:/texlive/2015/texmf-dist/tex/latex/zhnumber/zhnumber.sty
Package: zhnumber 2014/09/13 v2.1 Typesetting numbers with Chinese glyphs
.................................................
. LaTeX info: "xparse/define-command"
. 
. Defining command \zhnumber with sig. '+o+m' on line 45.
.................................................
.................................................
. LaTeX info: "xparse/define-command"
. 
. Defining command \zhnumberwithoptions with sig. '+m+m' on line 52.
.................................................
.................................................
. LaTeX info: "xparse/define-command"
. 
. Defining command \zhnum with sig. '+o+m' on line 106.
.................................................
.................................................
. LaTeX info: "xparse/define-command"
. 
. Defining command \zhnumwithoptions with sig. '+m+m' on line 113.
.................................................
.................................................
. LaTeX info: "xparse/define-command"
. 
. Defining command \zhdigits with sig. '+s+o+m' on line 289.
.................................................
.................................................
. LaTeX info: "xparse/define-command"
. 
. Defining command \zhdigitswithoptions with sig. '+m+m+m' on line 296.
.................................................
.................................................
. LaTeX info: "xparse/define-command"
. 
. Defining command \zhdate with sig. '+s+m' on line 355.
.................................................
\l__zhnum_scale_int=\count197
.................................................
. LaTeX info: "xparse/define-command"
. 
. Defining command \zhnumExtendScaleMap with sig. '>{\TrimSpaces }+o+m' on
. line 468.
.................................................
\l__zhnum_byte_min_int=\count198
\l__zhnum_byte_max_int=\count199
.................................................
. LaTeX info: "xparse/define-command"
. 
. Defining command \zhnumsetup with sig. '+m' on line 800.
.................................................

(d:/texlive/2015/texmf-dist/tex/latex/zhnumber/config/zhnumber-gbk.cfg
File: zhnumber-gbk.cfg 2014/09/13 v2.1 Chinese numerals with GBK encoding
))
.................................................
. LaTeX info: "xparse/define-command"
. 
. Defining command \CTEXnumber with sig. 'mm' on line 629.
.................................................
.................................................
. LaTeX info: "xparse/define-command"
. 
. Defining command \CTEXdigits with sig. 'mm' on line 631.
.................................................

(d:/texlive/2015/texmf-dist/tex/latex/ctex/scheme/ctex-scheme-chinese.def
File: ctex-scheme-chinese.def 2015/05/16 v2.0.2 Chinese scheme for generic (CTE
X)

(d:/texlive/2015/texmf-dist/tex/latex/ctex/config/ctex-name-gbk.cfg
File: ctex-name-gbk.cfg 2015/05/16 v2.0.2 Caption with encoding GBK (CTEX)
))
.................................................
. LaTeX info: "xparse/define-command"
. 
. Defining command \zihao with sig. 'm' on line 708.
.................................................
.................................................
. LaTeX info: "xparse/define-command"
. 
. Defining command \CTeX with sig. '' on line 812.
.................................................

(d:/texlive/2015/texmf-dist/tex/latex/ctex/fontset/ctex-fontset-windows.def
File: ctex-fontset-windows.def 2015/05/16 v2.0.2 Windows fonts definition (CTEX
)

(d:/texlive/2015/texmf-dist/tex/latex/ctex/fontset/ctex-fontset-windowsnew.def
File: ctex-fontset-windowsnew.def 2015/05/16 v2.0.2 Windows fonts definition fo
r Vista or later version (CTEX)

(d:/texlive/2015/texmf-dist/tex/generic/ctex/zhwindowsfonts.tex
(d:/texlive/2015/texmf-dist/tex/generic/oberdiek/ifpdf.sty
Package ifpdf Info: The package is already loaded, stopped on input line 64.
)
File: zhwindowsfonts.tex 2014/06/03 v2.0 Windows font map loader for pdfTeX and
 DVIPDFMx (CTEX)
{d:/texlive/2015/texmf-var/fonts/map/pdftex/updmap/pdftex.map}{UGBK.sfd}{Unicod
e.sfd})
.................................................
. LaTeX info: "xparse/define-command"
. 
. Defining command \songti with sig. '' on line 93.
.................................................
.................................................
. LaTeX info: "xparse/define-command"
. 
. Defining command \heiti with sig. '' on line 94.
.................................................
.................................................
. LaTeX info: "xparse/define-command"
. 
. Defining command \fangsong with sig. '' on line 95.
.................................................
.................................................
. LaTeX info: "xparse/define-command"
. 
. Defining command \kaishu with sig. '' on line 96.
.................................................
.................................................
. LaTeX info: "xparse/define-command"
. 
. Defining command \lishu with sig. '' on line 97.
.................................................
.................................................
. LaTeX info: "xparse/define-command"
. 
. Defining command \youyuan with sig. '' on line 98.
.................................................
.................................................
. LaTeX info: "xparse/define-command"
. 
. Defining command \yahei with sig. '' on line 99.
.................................................
)))
(d:/texlive/2015/texmf-dist/tex/latex/ctex/config/ctex.cfg
File: ctex.cfg 2015/05/16 v2.0.2 Configuration file (CTEX)
)
(d:/texlive/2015/texmf-dist/tex/latex/subfigure/subfigure.sty
Package: subfigure 2002/03/15 v2.1.5 subfigure package
\subfigtopskip=\skip67
\subfigcapskip=\skip68
\subfigcaptopadj=\dimen228
\subfigbottomskip=\skip69
\subfigcapmargin=\dimen229
\subfiglabelskip=\skip70
\c@subfigure=\count200
\c@lofdepth=\count201
\c@subtable=\count202
\c@lotdepth=\count203

****************************************
* Local config file subfigure.cfg used *
****************************************
(d:/texlive/2015/texmf-dist/tex/latex/subfigure/subfigure.cfg)
\subfig@top=\skip71
\subfig@bottom=\skip72
)
(d:/texlive/2015/texmf-dist/tex/latex/tools/longtable.sty
Package: longtable 2014/10/28 v4.11 Multi-page Table package (DPC)
\LTleft=\skip73
\LTright=\skip74
\LTpre=\skip75
\LTpost=\skip76
\LTchunksize=\count204
\LTcapwidth=\dimen230
\LT@head=\box75
\LT@firsthead=\box76
\LT@foot=\box77
\LT@lastfoot=\box78
\LT@cols=\count205
\LT@rows=\count206
\c@LT@tables=\count207
\c@LT@chunks=\count208
\LT@p@ftn=\toks44
)
(d:/texlive/2015/texmf-dist/tex/latex/rotating/rotating.sty
Package: rotating 2009/03/28 v2.16a rotated objects in LaTeX

(d:/texlive/2015/texmf-dist/tex/latex/base/ifthen.sty
Package: ifthen 2014/09/29 v1.1c Standard LaTeX ifthen package (DPC)
)
\c@r@tfl@t=\count209
\rotFPtop=\skip77
\rotFPbot=\skip78
\rot@float@box=\box79
\rot@mess@toks=\toks45
)
(d:/texlive/2015/texmf-dist/tex/latex/multirow/multirow.sty
\bigstrutjot=\dimen231
)
(d:/texlive/2015/texmf-dist/tex/latex/algorithms/algorithm.sty
Package: algorithm 2009/08/24 v0.1 Document Style `algorithm' - floating enviro
nment

(d:/texlive/2015/texmf-dist/tex/latex/float/float.sty
Package: float 2001/11/08 v1.3d Float enhancements (AL)
\c@float@type=\count210
\float@exts=\toks46
\float@box=\box80
\@float@everytoks=\toks47
\@floatcapt=\box81
)
\@float@every@algorithm=\toks48
\c@algorithm=\count211
)
(d:/texlive/2015/texmf-dist/tex/latex/algorithms/algorithmic.sty
Package: algorithmic 2009/08/24 v0.1 Document Style `algorithmic'
\c@ALC@unique=\count212
\c@ALC@line=\count213
\c@ALC@rem=\count214
\c@ALC@depth=\count215
\ALC@tlm=\skip79
\algorithmicindent=\skip80
)
(d:/texlive/2015/texmf-dist/tex/latex/mathtools/mathtools.sty
Package: mathtools 2015/05/11 v1.16 mathematical typesetting tools

(d:/texlive/2015/texmf-dist/tex/latex/tools/calc.sty
Package: calc 2014/10/28 v4.3 Infix arithmetic (KKT,FJ)
\calc@Acount=\count216
\calc@Bcount=\count217
\calc@Adimen=\dimen232
\calc@Bdimen=\dimen233
\calc@Askip=\skip81
\calc@Bskip=\skip82
LaTeX Info: Redefining \setlength on input line 80.
LaTeX Info: Redefining \addtolength on input line 81.
\calc@Ccount=\count218
\calc@Cskip=\skip83
)
(d:/texlive/2015/texmf-dist/tex/latex/mathtools/mhsetup.sty
Package: mhsetup 2010/01/21 v1.2a programming setup (MH)
)
LaTeX Info: Thecontrolsequence`\('isalreadyrobust on input line 129.
LaTeX Info: Thecontrolsequence`\)'isalreadyrobust on input line 129.
LaTeX Info: Thecontrolsequence`\['isalreadyrobust on input line 129.
LaTeX Info: Thecontrolsequence`\]'isalreadyrobust on input line 129.
\g_MT_multlinerow_int=\count219
\l_MT_multwidth_dim=\dimen256
\origjot=\skip84
\l_MT_shortvdotswithinadjustabove_dim=\dimen257
\l_MT_shortvdotswithinadjustbelow_dim=\dimen258
\l_MT_above_intertext_sep=\dimen259
\l_MT_below_intertext_sep=\dimen260
\l_MT_above_shortintertext_sep=\dimen261
\l_MT_below_shortintertext_sep=\dimen262
)
(d:/texlive/2015/texmf-dist/tex/latex/animate/animate.sty
Package: animate 2015/03/11 PDF animations from files and inline graphics

(d:/texlive/2015/texmf-dist/tex/latex/oberdiek/ifdraft.sty
Package: ifdraft 2008/08/11 v1.3 Detect class options draft and final (HO)
)
(d:/texlive/2015/texmf-dist/tex/latex/oberdiek/atenddvi.sty
Package: atenddvi 2007/04/17 v1.1 At end DVI hook (HO)

(d:/texlive/2015/texmf-dist/tex/latex/oberdiek/zref-abspage.sty
Package: zref-abspage 2012/04/04 v2.24 Module abspage for zref (HO)

(d:/texlive/2015/texmf-dist/tex/latex/oberdiek/zref-base.sty
Package: zref-base 2012/04/04 v2.24 Module base for zref (HO)
Package zref Info: New property list: main on input line 759.
Package zref Info: New property: default on input line 760.
Package zref Info: New property: page on input line 761.
)
\c@abspage=\count220
Package zref Info: New property: abspage on input line 62.
)
(d:/texlive/2015/texmf-dist/tex/latex/oberdiek/zref-lastpage.sty
Package: zref-lastpage 2012/04/04 v2.24 Module lastpage for zref (HO)
Package zref Info: New property list: LastPage on input line 55.
))
(d:/texlive/2015/texmf-dist/tex/latex/animate/animfp.sty
Package: animfp 2009/07/23 fixed point addition for animate.sty
\afp@xs=\count221
\afp@xia=\count222
\afp@xib=\count223
\afp@xfa=\count224
\afp@xfb=\count225
\afp@rega=\count226
\afp@regb=\count227
\afp@regs=\count228
)
(d:/texlive/2015/texmf-dist/tex/context/base/supp-pdf.mkii
[Loading MPS to PDF converter (version 2006.09.02).]
\scratchcounter=\count229
\scratchdimen=\dimen263
\scratchbox=\box82
\nofMPsegments=\count230
\nofMParguments=\count231
\everyMPshowfont=\toks49
\MPscratchCnt=\count232
\MPscratchDim=\dimen264
\MPnumerator=\count233
\makeMPintoPDFobject=\count266
\everyMPtoPDFconversion=\toks50
)
\@anim@box=\box83
\@anim@measbox=\box84
\@anim@tmpdima=\dimen265
\@anim@tmpdimb=\dimen266
\@anim@ocnum=\count267
\@anim@num=\count268
\@anim@curframe=\count269
\@anim@curframe@zb=\count270
\@anim@resizeflags=\count271
\@anim@skipfram=\count272
\@anim@mulframecnt=\count273
\@anim@@tmlnfile=\read3
\@anim@tmpcnt=\count274
\c@@anim@ltxcnt=\count275
\@anim@curlayer=\count276
\@anim@lineno=\count277
\@anim@curfield=\count278
\@anim@begin=\toks51
\@anim@end=\toks52
\@anim@@resizeflags=\count279
) (d:/texlive/2015/texmf-dist/tex/latex/listings/listings.sty
\lst@mode=\count280
\lst@gtempboxa=\box85
\lst@token=\toks53
\lst@length=\count281
\lst@currlwidth=\dimen267
\lst@column=\count282
\lst@pos=\count283
\lst@lostspace=\dimen268
\lst@width=\dimen269
\lst@newlines=\count284
\lst@lineno=\count285
\lst@maxwidth=\dimen270

(d:/texlive/2015/texmf-dist/tex/latex/listings/lstmisc.sty
File: lstmisc.sty 2014/09/06 1.5e (Carsten Heinz)
\c@lstnumber=\count286
\lst@skipnumbers=\count287
\lst@framebox=\box86
)
(d:/texlive/2015/texmf-dist/tex/latex/listings/listings.cfg
File: listings.cfg 2014/09/06 1.5e listings configuration
))
Package: listings 2014/09/06 1.5e (Carsten Heinz)

(d:/texlive/2015/texmf-dist/tex/latex/beamer/themes/theme/beamerthemeMadrid.sty
Package: beamerthemeMadrid 2010/06/17  (rcs-revision d02a7cf4d8ae)

(d:/texlive/2015/texmf-dist/tex/latex/beamer/themes/color/beamercolorthemewhale
.sty
Package: beamercolorthemewhale 2010/06/17  (rcs-revision d02a7cf4d8ae)
)
(d:/texlive/2015/texmf-dist/tex/latex/beamer/themes/color/beamercolorthemeorchi
d.sty
Package: beamercolorthemeorchid 2010/06/17  (rcs-revision d02a7cf4d8ae)
)
(d:/texlive/2015/texmf-dist/tex/latex/beamer/themes/inner/beamerinnerthemeround
ed.sty
Package: beamerinnerthemerounded 2010/06/17  (rcs-revision d02a7cf4d8ae)
)
(d:/texlive/2015/texmf-dist/tex/latex/beamer/themes/outer/beamerouterthemeinfol
ines.sty
Package: beamerouterthemeinfolines 2012/10/16  (rcs-revision 51a8c72084af)
))
(d:/texlive/2015/texmf-dist/tex/latex/beamer/themes/color/beamercolorthemebeave
r.sty
Package: beamercolorthemebeaver 2010/06/17  (rcs-revision d02a7cf4d8ae)
) (d:/texlive/2015/texmf-dist/tex/latex/booktabs/booktabs.sty
Package: booktabs 2005/04/14 v1.61803 publication quality tables
\heavyrulewidth=\dimen271
\lightrulewidth=\dimen272
\cmidrulewidth=\dimen273
\belowrulesep=\dimen274
\belowbottomsep=\dimen275
\aboverulesep=\dimen276
\abovetopsep=\dimen277
\cmidrulesep=\dimen278
\cmidrulekern=\dimen279
\defaultaddspace=\dimen280
\@cmidla=\count288
\@cmidlb=\count289
\@aboverulesep=\dimen281
\@belowrulesep=\dimen282
\@thisruleclass=\count290
\@lastruleclass=\count291
\@thisrulewidth=\dimen283
)
(d:/texlive/2015/texmf-dist/tex/latex/cjk/texinput/extended.enc
File: extended.enc 2015/04/18 4.8.4
)
(d:/texlive/2015/texmf-dist/tex/latex/cjk/texinput/extended.chr
File: extended.chr 2015/04/18 4.8.4
)
(./Supervised Learning.aux)
\openout1 = `"Supervised Learning.aux"'.

LaTeX Font Info:    Checking defaults for OML/cmm/m/it on input line 101.
LaTeX Font Info:    ... okay on input line 101.
LaTeX Font Info:    Checking defaults for T1/cmr/m/n on input line 101.
LaTeX Font Info:    ... okay on input line 101.
LaTeX Font Info:    Checking defaults for OT1/cmr/m/n on input line 101.
LaTeX Font Info:    ... okay on input line 101.
LaTeX Font Info:    Checking defaults for OMS/cmsy/m/n on input line 101.
LaTeX Font Info:    ... okay on input line 101.
LaTeX Font Info:    Checking defaults for OMX/cmex/m/n on input line 101.
LaTeX Font Info:    ... okay on input line 101.
LaTeX Font Info:    Checking defaults for U/cmr/m/n on input line 101.
LaTeX Font Info:    ... okay on input line 101.
LaTeX Font Info:    Checking defaults for PD1/pdf/m/n on input line 101.
LaTeX Font Info:    ... okay on input line 101.
LaTeX Font Info:    Checking defaults for C00/song/m/n on input line 101.
LaTeX Font Info:    ... okay on input line 101.
LaTeX Font Info:    Checking defaults for C05/song/m/n on input line 101.
LaTeX Font Info:    ... okay on input line 101.
LaTeX Font Info:    Checking defaults for C09/song/m/n on input line 101.
LaTeX Font Info:    ... okay on input line 101.
LaTeX Font Info:    Checking defaults for C10/song/m/n on input line 101.
LaTeX Font Info:    ... okay on input line 101.
LaTeX Font Info:    Checking defaults for C20/song/m/n on input line 101.
LaTeX Font Info:    ... okay on input line 101.
LaTeX Font Info:    Checking defaults for C19/song/m/n on input line 101.
LaTeX Font Info:    ... okay on input line 101.
LaTeX Font Info:    Checking defaults for C40/song/m/n on input line 101.
LaTeX Font Info:    ... okay on input line 101.
LaTeX Font Info:    Checking defaults for C42/song/m/n on input line 101.
LaTeX Font Info:    ... okay on input line 101.
LaTeX Font Info:    Checking defaults for C43/song/m/n on input line 101.
LaTeX Font Info:    ... okay on input line 101.
LaTeX Font Info:    Checking defaults for C50/song/m/n on input line 101.
LaTeX Font Info:    ... okay on input line 101.
LaTeX Font Info:    Checking defaults for C52/song/m/n on input line 101.
LaTeX Font Info:    ... okay on input line 101.
LaTeX Font Info:    Checking defaults for C49/song/m/n on input line 101.
LaTeX Font Info:    ... okay on input line 101.
LaTeX Font Info:    Checking defaults for C60/mj/m/n on input line 101.
LaTeX Font Info:    ... okay on input line 101.
LaTeX Font Info:    Checking defaults for C61/mj/m/n on input line 101.
LaTeX Font Info:    ... okay on input line 101.
LaTeX Font Info:    Checking defaults for C63/mj/m/n on input line 101.
LaTeX Font Info:    ... okay on input line 101.
LaTeX Font Info:    Checking defaults for C64/mj/m/n on input line 101.
LaTeX Font Info:    ... okay on input line 101.
LaTeX Font Info:    Checking defaults for C65/mj/m/n on input line 101.
LaTeX Font Info:    ... okay on input line 101.
LaTeX Font Info:    Checking defaults for C70/song/m/n on input line 101.
LaTeX Font Info:    ... okay on input line 101.
LaTeX Font Info:    Checking defaults for C31/song/m/n on input line 101.
LaTeX Font Info:    ... okay on input line 101.
LaTeX Font Info:    Checking defaults for C32/song/m/n on input line 101.
LaTeX Font Info:    ... okay on input line 101.
LaTeX Font Info:    Checking defaults for C33/song/m/n on input line 101.
LaTeX Font Info:    ... okay on input line 101.
LaTeX Font Info:    Checking defaults for C34/song/m/n on input line 101.
LaTeX Font Info:    ... okay on input line 101.
LaTeX Font Info:    Checking defaults for C35/song/m/n on input line 101.
LaTeX Font Info:    ... okay on input line 101.
LaTeX Font Info:    Checking defaults for C36/song/m/n on input line 101.
LaTeX Font Info:    ... okay on input line 101.
LaTeX Font Info:    Checking defaults for C37/song/m/n on input line 101.
LaTeX Font Info:    ... okay on input line 101.
LaTeX Font Info:    Checking defaults for C80/song/m/n on input line 101.
LaTeX Font Info:    ... okay on input line 101.
LaTeX Font Info:    Checking defaults for C81/song/m/n on input line 101.
LaTeX Font Info:    ... okay on input line 101.
LaTeX Font Info:    Checking defaults for C01/song/m/n on input line 101.
LaTeX Font Info:    ... okay on input line 101.
LaTeX Font Info:    Checking defaults for C11/song/m/n on input line 101.
LaTeX Font Info:    ... okay on input line 101.
LaTeX Font Info:    Checking defaults for C21/song/m/n on input line 101.
LaTeX Font Info:    ... okay on input line 101.
LaTeX Font Info:    Checking defaults for C41/song/m/n on input line 101.
LaTeX Font Info:    ... okay on input line 101.
LaTeX Font Info:    Checking defaults for C62/song/m/n on input line 101.
LaTeX Font Info:    ... okay on input line 101.
LaTeX Font Info:    Checking defaults for TS1/cmr/m/n on input line 101.
LaTeX Font Info:    ... okay on input line 101.
LaTeX Font Info:    Checking defaults for PU/pdf/m/n on input line 101.
LaTeX Font Info:    ... okay on input line 101.

*geometry* driver: auto-detecting
*geometry* detected driver: pdftex
*geometry* verbose mode - [ preamble ] result:
* driver: pdftex
* paper: custom
* layout: <same size as paper>
* layoutoffset:(h,v)=(0.0pt,0.0pt)
* modes: includehead includefoot 
* h-part:(L,W,R)=(9.24994pt, 345.69548pt, 9.24994pt)
* v-part:(T,H,B)=(0.0pt, 273.14662pt, 0.0pt)
* \paperwidth=364.19536pt
* \paperheight=273.14662pt
* \textwidth=345.69548pt
* \textheight=244.6939pt
* \oddsidemargin=-63.02005pt
* \evensidemargin=-63.02005pt
* \topmargin=-72.26999pt
* \headheight=14.22636pt
* \headsep=0.0pt
* \topskip=9.0pt
* \footskip=14.22636pt
* \marginparwidth=4.0pt
* \marginparsep=10.0pt
* \columnsep=10.0pt
* \skip\footins=8.0pt plus 4.0pt minus 2.0pt
* \hoffset=0.0pt
* \voffset=0.0pt
* \mag=1000
* \@twocolumnfalse
* \@twosidefalse
* \@mparswitchfalse
* \@reversemarginfalse
* (1in=72.27pt=25.4mm, 1cm=28.453pt)

(d:/texlive/2015/texmf-dist/tex/latex/oberdiek/epstopdf-base.sty
Package: epstopdf-base 2010/02/09 v2.5 Base part for package epstopdf

(d:/texlive/2015/texmf-dist/tex/latex/oberdiek/grfext.sty
Package: grfext 2010/08/19 v1.1 Manage graphics extensions (HO)
)
Package grfext Info: Graphics extension search list:
(grfext)             [.png,.pdf,.jpg,.mps,.jpeg,.jbig2,.jb2,.PNG,.PDF,.JPG,.JPE
G,.JBIG2,.JB2,.eps]
(grfext)             \AppendGraphicsExtensions on input line 452.

(d:/texlive/2015/texmf-dist/tex/latex/latexconfig/epstopdf-sys.cfg
File: epstopdf-sys.cfg 2010/07/13 v1.3 Configuration of (r)epstopdf for TeX Liv
e
))
ABD: EveryShipout initializing macros
\AtBeginShipoutBox=\box87
Package hyperref Info: Link coloring ON on input line 101.

(d:/texlive/2015/texmf-dist/tex/latex/hyperref/nameref.sty
Package: nameref 2012/10/27 v2.43 Cross-referencing by name of section

(d:/texlive/2015/texmf-dist/tex/generic/oberdiek/gettitlestring.sty
Package: gettitlestring 2010/12/03 v1.4 Cleanup title references (HO)
)
\c@section@level=\count292
)
LaTeX Info: Redefining \ref on input line 101.
LaTeX Info: Redefining \pageref on input line 101.
LaTeX Info: Redefining \nameref on input line 101.

(./Supervised Learning.out) (./Supervised Learning.out)
\@outlinefile=\write5
\openout5 = `"Supervised Learning.out"'.

LaTeX Font Info:    Overwriting symbol font `operators' in version `normal'
(Font)                  OT1/cmr/m/n --> OT1/cmss/m/n on input line 101.
LaTeX Font Info:    Overwriting symbol font `operators' in version `bold'
(Font)                  OT1/cmr/bx/n --> OT1/cmss/bx/n on input line 101.
\symnumbers=\mathgroup6
\sympureletters=\mathgroup7
LaTeX Font Info:    Overwriting math alphabet `\mathrm' in version `normal'
(Font)                  OT1/cmss/m/n --> OT1/cmr/m/n on input line 101.
LaTeX Font Info:    Redeclaring math alphabet \mathbf on input line 101.
LaTeX Font Info:    Overwriting math alphabet `\mathbf' in version `normal'
(Font)                  OT1/cmr/bx/n --> OT1/cmss/bx/n on input line 101.
LaTeX Font Info:    Overwriting math alphabet `\mathbf' in version `bold'
(Font)                  OT1/cmr/bx/n --> OT1/cmss/bx/n on input line 101.
LaTeX Font Info:    Redeclaring math alphabet \mathsf on input line 101.
LaTeX Font Info:    Overwriting math alphabet `\mathsf' in version `normal'
(Font)                  OT1/cmss/m/n --> OT1/cmss/m/n on input line 101.
LaTeX Font Info:    Overwriting math alphabet `\mathsf' in version `bold'
(Font)                  OT1/cmss/bx/n --> OT1/cmss/m/n on input line 101.
LaTeX Font Info:    Redeclaring math alphabet \mathit on input line 101.
LaTeX Font Info:    Overwriting math alphabet `\mathit' in version `normal'
(Font)                  OT1/cmr/m/it --> OT1/cmss/m/it on input line 101.
LaTeX Font Info:    Overwriting math alphabet `\mathit' in version `bold'
(Font)                  OT1/cmr/bx/it --> OT1/cmss/m/it on input line 101.
LaTeX Font Info:    Redeclaring math alphabet \mathtt on input line 101.
LaTeX Font Info:    Overwriting math alphabet `\mathtt' in version `normal'
(Font)                  OT1/cmtt/m/n --> OT1/cmtt/m/n on input line 101.
LaTeX Font Info:    Overwriting math alphabet `\mathtt' in version `bold'
(Font)                  OT1/cmtt/m/n --> OT1/cmtt/m/n on input line 101.
LaTeX Font Info:    Overwriting symbol font `numbers' in version `bold'
(Font)                  OT1/cmss/m/n --> OT1/cmss/bx/n on input line 101.
LaTeX Font Info:    Overwriting symbol font `pureletters' in version `bold'
(Font)                  OT1/cmss/m/it --> OT1/cmss/bx/it on input line 101.
LaTeX Font Info:    Overwriting math alphabet `\mathrm' in version `bold'
(Font)                  OT1/cmss/bx/n --> OT1/cmr/bx/n on input line 101.
LaTeX Font Info:    Overwriting math alphabet `\mathbf' in version `bold'
(Font)                  OT1/cmss/bx/n --> OT1/cmss/bx/n on input line 101.
LaTeX Font Info:    Overwriting math alphabet `\mathsf' in version `bold'
(Font)                  OT1/cmss/m/n --> OT1/cmss/bx/n on input line 101.
LaTeX Font Info:    Overwriting math alphabet `\mathit' in version `bold'
(Font)                  OT1/cmss/m/it --> OT1/cmss/bx/it on input line 101.
LaTeX Font Info:    Overwriting math alphabet `\mathtt' in version `bold'
(Font)                  OT1/cmtt/m/n --> OT1/cmtt/bx/n on input line 101.
LaTeX Font Info:    Redeclaring symbol font `pureletters' on input line 101.
LaTeX Font Info:    Overwriting symbol font `pureletters' in version `normal'
(Font)                  OT1/cmss/m/it --> OT1/mathkerncmss/m/sl on input line 1
01.
LaTeX Font Info:    Overwriting symbol font `pureletters' in version `bold'
(Font)                  OT1/cmss/bx/it --> OT1/mathkerncmss/m/sl on input line 
101.
LaTeX Font Info:    Overwriting symbol font `pureletters' in version `bold'
(Font)                  OT1/mathkerncmss/m/sl --> OT1/mathkerncmss/bx/sl on inp
ut line 101.

(d:/texlive/2015/texmf-dist/tex/latex/beamer/translator/dicts/translator-basic-
dictionary/translator-basic-dictionary-English.dict
Dictionary: translator-basic-dictionary, Language: English 
)
(d:/texlive/2015/texmf-dist/tex/latex/beamer/translator/dicts/translator-biblio
graphy-dictionary/translator-bibliography-dictionary-English.dict
Dictionary: translator-bibliography-dictionary, Language: English 
)
(d:/texlive/2015/texmf-dist/tex/latex/beamer/translator/dicts/translator-enviro
nment-dictionary/translator-environment-dictionary-English.dict
Dictionary: translator-environment-dictionary, Language: English 
)
(d:/texlive/2015/texmf-dist/tex/latex/beamer/translator/dicts/translator-months
-dictionary/translator-months-dictionary-English.dict
Dictionary: translator-months-dictionary, Language: English 
)
(d:/texlive/2015/texmf-dist/tex/latex/beamer/translator/dicts/translator-number
s-dictionary/translator-numbers-dictionary-English.dict
Dictionary: translator-numbers-dictionary, Language: English 
)
(d:/texlive/2015/texmf-dist/tex/latex/beamer/translator/dicts/translator-theore
m-dictionary/translator-theorem-dictionary-English.dict
Dictionary: translator-theorem-dictionary, Language: English 
)
LaTeX Info: Redefining \includegraphics on input line 101.

ABD: EverySelectfont initializing macros
LaTeX Info: Redefining \selectfont on input line 101.
Package hyperref Info: Option `CJKbookmarks' set `false' on input line 101.
\c@lstlisting=\count293
 (./Supervised Learning.nav)
LaTeX Font Info:    Try loading font information for C19+zhhei on input line 10
1.

(d:/texlive/2015/texmf-dist/tex/latex/zhmetrics/c19zhhei.fd
File: c19zhhei.fd 2009/09/23 4.8.2
)

Package hyperref Warning: Option `pdfauthor' has already been used,
(hyperref)                setting the option has no effect on input line 110.


LaTeX Font Warning: Font shape `OT1/cmss/m/it' in size <6> not available
(Font)              Font shape `OT1/cmss/m/sl' tried instead on input line 139.


LaTeX Font Info:    Try loading font information for C19+kai on input line 139.

(d:/texlive/2015/texmf-dist/tex/latex/zhmetrics/c19kai.fd
File: c19kai.fd 2009/09/23 4.8.2
)

pdfTeX warning: pdflatex.exe (file ./logo.pdf): PDF inclusion: found PDF versio
n <1.6>, but at most version <1.5> allowed
<logo.pdf, id=88, 200.75pt x 200.75pt>
File: logo.pdf Graphic file (type pdf)
 <use logo.pdf>
Package pdftex.def Info: logo.pdf used on input line 139.
(pdftex.def)             Requested size: 36.98866pt x 36.98807pt.

(d:/texlive/2015/texmf-dist/tex/generic/ctex/zhwindowsfonts.tex
(d:/texlive/2015/texmf-dist/tex/generic/oberdiek/ifpdf.sty
Package ifpdf Info: The package is already loaded, stopped on input line 64.
)
File: zhwindowsfonts.tex 2014/06/03 v2.0 Windows font map loader for pdfTeX and
 DVIPDFMx (CTEX)
) [1

 <./logo.pdf>]
(./Supervised Learning.toc)
Overfull \vbox (8.81694pt too high) detected at line 141
 []

[2

] (./Supervised Learning.toc)
Overfull \vbox (8.81694pt too high) detected at line 241
 []

[3

]
LaTeX Font Info:    Try loading font information for U+msa on input line 261.
 (d:/texlive/2015/texmf-dist/tex/latex/amsfonts/umsa.fd
File: umsa.fd 2013/01/14 v3.01 AMS symbols A
)
LaTeX Font Info:    Try loading font information for U+msb on input line 261.

(d:/texlive/2015/texmf-dist/tex/latex/amsfonts/umsb.fd
File: umsb.fd 2013/01/14 v3.01 AMS symbols B
)
LaTeX Font Info:    Try loading font information for OT1+mathkerncmss on input 
line 261.

(d:/texlive/2015/texmf-dist/tex/latex/sansmathaccent/ot1mathkerncmss.fd
File: ot1mathkerncmss.fd 2013/03/27 Fontinst v1.933 font definitions for OT1/ma
thkerncmss.
)
[4

] <superviseLearning.png, id=275, 550.055pt x 389.455pt>
File: superviseLearning.png Graphic file (type png)

<use superviseLearning.png>
Package pdftex.def Info: superviseLearning.png used on input line 275.
(pdftex.def)             Requested size: 275.02682pt x 194.72702pt.
 [5

 <./superviseLearning.png>]
Underfull \hbox (badness 10000) in paragraph at lines 303--303
\OT1/cmss/m/n/9 Obama", 2="George W.
 []


Overfull \hbox (8.6024pt too wide) in paragraph at lines 303--303
 [] 
 []

[6

] <FeatureSpace.png, id=330, 764.8575pt x 431.36156pt>
File: FeatureSpace.png Graphic file (type png)

<use FeatureSpace.png>
Package pdftex.def Info: FeatureSpace.png used on input line 318.
(pdftex.def)             Requested size: 344.1827pt x 194.1109pt.
 [7

 <./FeatureSpace.png>] (./Supervised Learning.toc)
Overfull \vbox (8.81694pt too high) detected at line 322
 []

[8

] [9

] <predictexpensive.png, id=426, 647.41875pt x 283.0575pt>
File: predictexpensive.png Graphic file (type png)

<use predictexpensive.png>
Package pdftex.def Info: predictexpensive.png used on input line 347.
(pdftex.def)             Requested size: 356.0814pt x 155.6821pt.

Overfull \hbox (10.38593pt too wide) in paragraph at lines 347--347
 [] 
 []

[10

 <./predictexpensive.png>]
<predictexpensive2.png, id=454, 604.2575pt x 476.78125pt>
File: predictexpensive2.png Graphic file (type png)

<use predictexpensive2.png>
Package pdftex.def Info: predictexpensive2.png used on input line 356.
(pdftex.def)             Requested size: 211.49329pt x 166.87593pt.

Overfull \vbox (32.73267pt too high) detected at line 356
 []

[11

 <./predictexpensive2.png>]
<zeroloss.png, id=481, 542.77782pt x 201.75375pt>
File: zeroloss.png Graphic file (type png)
 <use zeroloss.png>
Package pdftex.def Info: zeroloss.png used on input line 379.
(pdftex.def)             Requested size: 217.10727pt x 80.70006pt.
Package CJKpunct Info: punctuation spaces for family 'kai' do not exist. Use fa
mily 'def' instead. on input line 379.

Overfull \vbox (43.44511pt too high) detected at line 379
 []

[12

 <./zeroloss.png>] <squaredloss.png, id=513, 261.97874pt x 193.72375pt>
File: squaredloss.png Graphic file (type png)

<use squaredloss.png>
Package pdftex.def Info: squaredloss.png used on input line 404.
(pdftex.def)             Requested size: 144.08875pt x 106.54839pt.

Overfull \vbox (24.86848pt too high) detected at line 404
 []

[13

 <./squaredloss.png>] <absoluteloss.png, id=542, 225.84375pt x 225.84375pt>
File: absoluteloss.png Graphic file (type png)

<use absoluteloss.png>
Package pdftex.def Info: absoluteloss.png used on input line 417.
(pdftex.def)             Requested size: 112.92159pt x 112.92159pt.

Overfull \vbox (28.49168pt too high) detected at line 417
 []

[14

 <./absoluteloss.png>] (./Supervised Learning.toc)
Overfull \vbox (8.81694pt too high) detected at line 420
 []

[15

] [16

] [17

] [18

] <overfitting.png, id=690, 602.25pt x 303.38344pt>
File: overfitting.png Graphic file (type png)

<use overfitting.png>
Package pdftex.def Info: overfitting.png used on input line 493.
(pdftex.def)             Requested size: 240.89572pt x 121.35121pt.

Overfull \vbox (15.67798pt too high) detected at line 493
 []

[19

 <./overfitting.png>]
<overfittingAndUnderfitting.png, id=720, 622.57594pt x 302.63063pt>
File: overfittingAndUnderfitting.png Graphic file (type png)

<use overfittingAndUnderfitting.png>
Package pdftex.def Info: overfittingAndUnderfitting.png used on input line 504.

(pdftex.def)             Requested size: 311.2872pt x 151.31494pt.
 [20

 <./overfittingAndUnderfitting.png>]
(./Supervised Learning.toc)
Overfull \vbox (8.81694pt too high) detected at line 508
 []

[21

] <trainTest.png, id=790, 616.704pt x 390.258pt>
File: trainTest.png Graphic file (type png)
 <use trainTest.png>
Package pdftex.def Info: trainTest.png used on input line 519.
(pdftex.def)             Requested size: 308.35124pt x 195.12851pt.

[22

 <./trainTest.png>] <trainTest2.png, id=819, 556.479pt x 138.2766pt>
File: trainTest2.png Graphic file (type png)

<use trainTest2.png>
Package pdftex.def Info: trainTest2.png used on input line 556.
(pdftex.def)             Requested size: 278.23882pt x 69.13812pt.
 [23

 <./trainTest2.png>]
<splitdata.png, id=847, 778.91pt x 185.69376pt>
File: splitdata.png Graphic file (type png)
 <use splitdata.png>
Package pdftex.def Info: splitdata.png used on input line 577.
(pdftex.def)             Requested size: 233.6748pt x 55.70854pt.
 [24

 <./splitdata.png (PNG copy)>]
File: splitdata.png Graphic file (type png)
 <use splitdata.png>
Package pdftex.def Info: splitdata.png used on input line 598.
(pdftex.def)             Requested size: 233.6748pt x 55.70854pt.

Overfull \vbox (4.68921pt too high) detected at line 598
 []

[25

] [26

] (./Supervised Learning.toc)
Overfull \vbox (8.81694pt too high) detected at line 621
 []

[27

] [28

] [29

]
Overfull \vbox (23.93396pt too high) detected at line 691
 []

[30

]
Package atenddvi Info: Last page = 31.
 [31

]
\tf@nav=\write6
\openout6 = `"Supervised Learning.nav"'.

\tf@toc=\write7
\openout7 = `"Supervised Learning.toc"'.

\tf@snm=\write8
\openout8 = `"Supervised Learning.snm"'.

Package atveryend Info: Empty hook `BeforeClearDocument' on input line 710.
Package atveryend Info: Executing hook `AfterLastShipout' on input line 710.
 (./Supervised Learning.aux)
Package atveryend Info: Executing hook `AtVeryEndDocument' on input line 710.
Package atveryend Info: Executing hook `AtEndAfterFileList' on input line 710.
Package rerunfilecheck Info: File `"Supervised Learning".out' has not changed.
(rerunfilecheck)             Checksum: 9B76BE178D3D61703CCD67DB6FE18601;2556.
Package atveryend Info: Empty hook `AtVeryVeryEnd' on input line 710.
 ) 
Here is how much of TeX's memory you used:
 32647 strings out of 493089
 600210 string characters out of 6138424
 789098 words of memory out of 5000000
 35386 multiletter control sequences out of 15000+600000
 16666 words of font info for 61 fonts, out of 8000000 for 9000
 1141 hyphenation exceptions out of 8191
 56i,16n,65p,10450b,1074s stack positions out of 5000i,500n,10000p,200000b,80000s
<c:/Windows/fonts/simkai.ttf><c:/Windows/fonts/simhei.ttf><c:/Windows/fonts/s
imhei.ttf><c:/Windows/fonts/simhei.ttf><c:/Windows/fonts/simkai.ttf><c:/Windows
/fonts/simkai.ttf><c:/Windows/fonts/simkai.ttf><d:/texlive/2015/texmf-dist/font
s/type1/public/amsfonts/cmextra/cmex9.pfb><d:/texlive/2015/texmf-dist/fonts/typ
e1/public/amsfonts/cm/cmmi6.pfb><d:/texlive/2015/texmf-dist/fonts/type1/public/
amsfonts/cm/cmmi9.pfb><d:/texlive/2015/texmf-dist/fonts/type1/public/amsfonts/c
m/cmr5.pfb><d:/texlive/2015/texmf-dist/fonts/type1/public/amsfonts/cm/cmr6.pfb>
<d:/texlive/2015/texmf-dist/fonts/type1/public/amsfonts/cm/cmr7.pfb><d:/texlive
/2015/texmf-dist/fonts/type1/public/amsfonts/cm/cmr9.pfb><d:/texlive/2015/texmf
-dist/fonts/type1/public/amsfonts/cm/cmss10.pfb><d:/texlive/2015/texmf-dist/fon
ts/type1/public/amsfonts/cm/cmss17.pfb><d:/texlive/2015/texmf-dist/fonts/type1/
public/amsfonts/cm/cmss8.pfb><d:/texlive/2015/texmf-dist/fonts/type1/public/ams
fonts/cm/cmss9.pfb><d:/texlive/2015/texmf-dist/fonts/type1/public/amsfonts/cm/c
mssbx10.pfb><d:/texlive/2015/texmf-dist/fonts/type1/public/amsfonts/cm/cmssi10.
pfb><d:/texlive/2015/texmf-dist/fonts/type1/public/amsfonts/cm/cmssi8.pfb><d:/t
exlive/2015/texmf-dist/fonts/type1/public/amsfonts/cm/cmssi9.pfb><d:/texlive/20
15/texmf-dist/fonts/type1/public/amsfonts/cm/cmsy6.pfb><d:/texlive/2015/texmf-d
ist/fonts/type1/public/amsfonts/cm/cmsy9.pfb><d:/texlive/2015/texmf-dist/fonts/
type1/public/amsfonts/symbols/msbm10.pfb>
Output written on "Supervised Learning.pdf" (31 pages, 1304809 bytes).
PDF statistics:
 1177 PDF objects out of 1200 (max. 8388607)
 1067 compressed objects within 11 object streams
 80 named destinations out of 1000 (max. 500000)
 298 words of extra memory for PDF output out of 10000 (max. 10000000)

