This is pdfTeX, Version 3.14159265-2.6-1.40.19 (TeX Live 2018/W32TeX) (preloaded format=pdflatex 2019.4.13)  17 APR 2019 14:30
entering extended mode
 restricted \write18 enabled.
 %&-line parsing enabled.
**SVM.tex
(./SVM.tex
LaTeX2e <2018-12-01>
(d:/tools/LaTex/install/texlive/2018/texmf-dist/tex/latex/beamer/beamer.cls
Document Class: beamer 2018/12/02 v3.55 A class for typesetting presentations

(d:/tools/LaTex/install/texlive/2018/texmf-dist/tex/latex/beamer/beamerbasemode
s.sty
(d:/tools/LaTex/install/texlive/2018/texmf-dist/tex/latex/etoolbox/etoolbox.sty
Package: etoolbox 2018/08/19 v2.5f e-TeX tools for LaTeX (JAW)
\etb@tempcnta=\count80
)
\beamer@tempbox=\box27
\beamer@tempcount=\count81
\c@beamerpauses=\count82

(d:/tools/LaTex/install/texlive/2018/texmf-dist/tex/latex/beamer/beamerbasedeco
de.sty
\beamer@slideinframe=\count83
\beamer@minimum=\count84
)
\beamer@commentbox=\box28
\beamer@modecount=\count85
)
(d:/tools/LaTex/install/texlive/2018/texmf-dist/tex/generic/oberdiek/ifpdf.sty
Package: ifpdf 2018/09/07 v3.3 Provides the ifpdf switch
)
\headdp=\dimen102
\footheight=\dimen103
\sidebarheight=\dimen104
\beamer@tempdim=\dimen105
\beamer@finalheight=\dimen106
\beamer@animht=\dimen107
\beamer@animdp=\dimen108
\beamer@animwd=\dimen109
\beamer@leftmargin=\dimen110
\beamer@rightmargin=\dimen111
\beamer@leftsidebar=\dimen112
\beamer@rightsidebar=\dimen113
\beamer@boxsize=\dimen114
\beamer@vboxoffset=\dimen115
\beamer@descdefault=\dimen116
\beamer@descriptionwidth=\dimen117
\beamer@lastskip=\skip41
\beamer@areabox=\box29
\beamer@animcurrent=\box30
\beamer@animshowbox=\box31
\beamer@sectionbox=\box32
\beamer@logobox=\box33
\beamer@linebox=\box34
\beamer@sectioncount=\count86
\beamer@subsubsectionmax=\count87
\beamer@subsectionmax=\count88
\beamer@sectionmax=\count89
\beamer@totalheads=\count90
\beamer@headcounter=\count91
\beamer@partstartpage=\count92
\beamer@sectionstartpage=\count93
\beamer@subsectionstartpage=\count94
\beamer@animationtempa=\count95
\beamer@animationtempb=\count96
\beamer@xpos=\count97
\beamer@ypos=\count98
\beamer@ypos@offset=\count99
\beamer@showpartnumber=\count100
\beamer@currentsubsection=\count101
\beamer@coveringdepth=\count102
\beamer@sectionadjust=\count103
\beamer@tocsectionnumber=\count104

(d:/tools/LaTex/install/texlive/2018/texmf-dist/tex/latex/beamer/beamerbaseopti
ons.sty
(d:/tools/LaTex/install/texlive/2018/texmf-dist/tex/latex/graphics/keyval.sty
Package: keyval 2014/10/28 v1.15 key=value parser (DPC)
\KV@toks@=\toks14
))
\beamer@paperwidth=\skip42
\beamer@paperheight=\skip43

(d:/tools/LaTex/install/texlive/2018/texmf-dist/tex/latex/geometry/geometry.sty
Package: geometry 2018/04/16 v5.8 Page Geometry

(d:/tools/LaTex/install/texlive/2018/texmf-dist/tex/generic/oberdiek/ifvtex.sty
Package: ifvtex 2016/05/16 v1.6 Detect VTeX and its facilities (HO)
Package ifvtex Info: VTeX not detected.
)
(d:/tools/LaTex/install/texlive/2018/texmf-dist/tex/generic/ifxetex/ifxetex.sty
Package: ifxetex 2010/09/12 v0.6 Provides ifxetex conditional
)
\Gm@cnth=\count105
\Gm@cntv=\count106
\c@Gm@tempcnt=\count107
\Gm@bindingoffset=\dimen118
\Gm@wd@mp=\dimen119
\Gm@odd@mp=\dimen120
\Gm@even@mp=\dimen121
\Gm@layoutwidth=\dimen122
\Gm@layoutheight=\dimen123
\Gm@layouthoffset=\dimen124
\Gm@layoutvoffset=\dimen125
\Gm@dimlist=\toks15
) (d:/tools/LaTex/install/texlive/2018/texmf-dist/tex/latex/extsizes/size9.clo
File: size9.clo 1999/11/11 v1.4a NON-Standard LaTeX file (size option)
)
(d:/tools/LaTex/install/texlive/2018/texmf-dist/tex/latex/pgf/basiclayer/pgfcor
e.sty
(d:/tools/LaTex/install/texlive/2018/texmf-dist/tex/latex/graphics/graphicx.sty
Package: graphicx 2017/06/01 v1.1a Enhanced LaTeX Graphics (DPC,SPQR)

(d:/tools/LaTex/install/texlive/2018/texmf-dist/tex/latex/graphics/graphics.sty
Package: graphics 2017/06/25 v1.2c Standard LaTeX Graphics (DPC,SPQR)
(d:/tools/LaTex/install/texlive/2018/texmf-dist/tex/latex/graphics/trig.sty
Package: trig 2016/01/03 v1.10 sin cos tan (DPC)
)
(d:/tools/LaTex/install/texlive/2018/texmf-dist/tex/latex/graphics-cfg/graphics
.cfg
File: graphics.cfg 2016/06/04 v1.11 sample graphics configuration
)
Package graphics Info: Driver file: pdftex.def on input line 99.

(d:/tools/LaTex/install/texlive/2018/texmf-dist/tex/latex/graphics-def/pdftex.d
ef
File: pdftex.def 2018/01/08 v1.0l Graphics/color driver for pdftex
))
\Gin@req@height=\dimen126
\Gin@req@width=\dimen127
)
(d:/tools/LaTex/install/texlive/2018/texmf-dist/tex/latex/pgf/systemlayer/pgfsy
s.sty
(d:/tools/LaTex/install/texlive/2018/texmf-dist/tex/latex/pgf/utilities/pgfrcs.
sty
(d:/tools/LaTex/install/texlive/2018/texmf-dist/tex/generic/pgf/utilities/pgfut
il-common.tex
\pgfutil@everybye=\toks16
\pgfutil@tempdima=\dimen128
\pgfutil@tempdimb=\dimen129

(d:/tools/LaTex/install/texlive/2018/texmf-dist/tex/generic/pgf/utilities/pgfut
il-common-lists.tex))
(d:/tools/LaTex/install/texlive/2018/texmf-dist/tex/generic/pgf/utilities/pgfut
il-latex.def
\pgfutil@abb=\box35

(d:/tools/LaTex/install/texlive/2018/texmf-dist/tex/latex/ms/everyshi.sty
Package: everyshi 2001/05/15 v3.00 EveryShipout Package (MS)
))
(d:/tools/LaTex/install/texlive/2018/texmf-dist/tex/generic/pgf/utilities/pgfrc
s.code.tex
(d:/tools/LaTex/install/texlive/2018/texmf-dist/tex/generic/pgf/pgf.revision.te
x)
Package: pgfrcs 2019/02/02 v3.1.1 (3.1.1)
))
(d:/tools/LaTex/install/texlive/2018/texmf-dist/tex/generic/pgf/systemlayer/pgf
sys.code.tex
Package: pgfsys 2019/02/02 v3.1.1 (3.1.1)

(d:/tools/LaTex/install/texlive/2018/texmf-dist/tex/generic/pgf/utilities/pgfke
ys.code.tex
\pgfkeys@pathtoks=\toks17
\pgfkeys@temptoks=\toks18

(d:/tools/LaTex/install/texlive/2018/texmf-dist/tex/generic/pgf/utilities/pgfke
ysfiltered.code.tex
\pgfkeys@tmptoks=\toks19
))
\pgf@x=\dimen130
\pgf@y=\dimen131
\pgf@xa=\dimen132
\pgf@ya=\dimen133
\pgf@xb=\dimen134
\pgf@yb=\dimen135
\pgf@xc=\dimen136
\pgf@yc=\dimen137
\w@pgf@writea=\write3
\r@pgf@reada=\read1
\c@pgf@counta=\count108
\c@pgf@countb=\count109
\c@pgf@countc=\count110
\c@pgf@countd=\count111
\t@pgf@toka=\toks20
\t@pgf@tokb=\toks21
\t@pgf@tokc=\toks22
\pgf@sys@id@count=\count112

(d:/tools/LaTex/install/texlive/2018/texmf-dist/tex/generic/pgf/systemlayer/pgf
.cfg
File: pgf.cfg 2019/02/02 v3.1.1 (3.1.1)
)
Driver file for pgf: pgfsys-pdftex.def

(d:/tools/LaTex/install/texlive/2018/texmf-dist/tex/generic/pgf/systemlayer/pgf
sys-pdftex.def
File: pgfsys-pdftex.def 2019/02/02 v3.1.1 (3.1.1)

(d:/tools/LaTex/install/texlive/2018/texmf-dist/tex/generic/pgf/systemlayer/pgf
sys-common-pdf.def
File: pgfsys-common-pdf.def 2019/02/02 v3.1.1 (3.1.1)
)))
(d:/tools/LaTex/install/texlive/2018/texmf-dist/tex/generic/pgf/systemlayer/pgf
syssoftpath.code.tex
File: pgfsyssoftpath.code.tex 2019/02/02 v3.1.1 (3.1.1)
\pgfsyssoftpath@smallbuffer@items=\count113
\pgfsyssoftpath@bigbuffer@items=\count114
)
(d:/tools/LaTex/install/texlive/2018/texmf-dist/tex/generic/pgf/systemlayer/pgf
sysprotocol.code.tex
File: pgfsysprotocol.code.tex 2019/02/02 v3.1.1 (3.1.1)
))
(d:/tools/LaTex/install/texlive/2018/texmf-dist/tex/latex/xcolor/xcolor.sty
Package: xcolor 2016/05/11 v2.12 LaTeX color extensions (UK)

(d:/tools/LaTex/install/texlive/2018/texmf-dist/tex/latex/graphics-cfg/color.cf
g
File: color.cfg 2016/01/02 v1.6 sample color configuration
)
Package xcolor Info: Driver file: pdftex.def on input line 225.
Package xcolor Info: Model `cmy' substituted by `cmy0' on input line 1348.
Package xcolor Info: Model `hsb' substituted by `rgb' on input line 1352.
Package xcolor Info: Model `RGB' extended on input line 1364.
Package xcolor Info: Model `HTML' substituted by `rgb' on input line 1366.
Package xcolor Info: Model `Hsb' substituted by `hsb' on input line 1367.
Package xcolor Info: Model `tHsb' substituted by `hsb' on input line 1368.
Package xcolor Info: Model `HSB' substituted by `hsb' on input line 1369.
Package xcolor Info: Model `Gray' substituted by `gray' on input line 1370.
Package xcolor Info: Model `wave' substituted by `hsb' on input line 1371.
)
(d:/tools/LaTex/install/texlive/2018/texmf-dist/tex/generic/pgf/basiclayer/pgfc
ore.code.tex
Package: pgfcore 2019/02/02 v3.1.1 (3.1.1)

(d:/tools/LaTex/install/texlive/2018/texmf-dist/tex/generic/pgf/math/pgfmath.co
de.tex
(d:/tools/LaTex/install/texlive/2018/texmf-dist/tex/generic/pgf/math/pgfmathcal
c.code.tex
(d:/tools/LaTex/install/texlive/2018/texmf-dist/tex/generic/pgf/math/pgfmathuti
l.code.tex)
(d:/tools/LaTex/install/texlive/2018/texmf-dist/tex/generic/pgf/math/pgfmathpar
ser.code.tex
\pgfmath@dimen=\dimen138
\pgfmath@count=\count115
\pgfmath@box=\box36
\pgfmath@toks=\toks23
\pgfmath@stack@operand=\toks24
\pgfmath@stack@operation=\toks25
)
(d:/tools/LaTex/install/texlive/2018/texmf-dist/tex/generic/pgf/math/pgfmathfun
ctions.code.tex
(d:/tools/LaTex/install/texlive/2018/texmf-dist/tex/generic/pgf/math/pgfmathfun
ctions.basic.code.tex)
(d:/tools/LaTex/install/texlive/2018/texmf-dist/tex/generic/pgf/math/pgfmathfun
ctions.trigonometric.code.tex)
(d:/tools/LaTex/install/texlive/2018/texmf-dist/tex/generic/pgf/math/pgfmathfun
ctions.random.code.tex)
(d:/tools/LaTex/install/texlive/2018/texmf-dist/tex/generic/pgf/math/pgfmathfun
ctions.comparison.code.tex)
(d:/tools/LaTex/install/texlive/2018/texmf-dist/tex/generic/pgf/math/pgfmathfun
ctions.base.code.tex)
(d:/tools/LaTex/install/texlive/2018/texmf-dist/tex/generic/pgf/math/pgfmathfun
ctions.round.code.tex)
(d:/tools/LaTex/install/texlive/2018/texmf-dist/tex/generic/pgf/math/pgfmathfun
ctions.misc.code.tex)
(d:/tools/LaTex/install/texlive/2018/texmf-dist/tex/generic/pgf/math/pgfmathfun
ctions.integerarithmetics.code.tex)))
(d:/tools/LaTex/install/texlive/2018/texmf-dist/tex/generic/pgf/math/pgfmathflo
at.code.tex
\c@pgfmathroundto@lastzeros=\count116
))
(d:/tools/LaTex/install/texlive/2018/texmf-dist/tex/generic/pgf/basiclayer/pgfc
orepoints.code.tex
File: pgfcorepoints.code.tex 2019/02/02 v3.1.1 (3.1.1)
\pgf@picminx=\dimen139
\pgf@picmaxx=\dimen140
\pgf@picminy=\dimen141
\pgf@picmaxy=\dimen142
\pgf@pathminx=\dimen143
\pgf@pathmaxx=\dimen144
\pgf@pathminy=\dimen145
\pgf@pathmaxy=\dimen146
\pgf@xx=\dimen147
\pgf@xy=\dimen148
\pgf@yx=\dimen149
\pgf@yy=\dimen150
\pgf@zx=\dimen151
\pgf@zy=\dimen152
)
(d:/tools/LaTex/install/texlive/2018/texmf-dist/tex/generic/pgf/basiclayer/pgfc
orepathconstruct.code.tex
File: pgfcorepathconstruct.code.tex 2019/02/02 v3.1.1 (3.1.1)
\pgf@path@lastx=\dimen153
\pgf@path@lasty=\dimen154
)
(d:/tools/LaTex/install/texlive/2018/texmf-dist/tex/generic/pgf/basiclayer/pgfc
orepathusage.code.tex
File: pgfcorepathusage.code.tex 2019/02/02 v3.1.1 (3.1.1)
\pgf@shorten@end@additional=\dimen155
\pgf@shorten@start@additional=\dimen156
)
(d:/tools/LaTex/install/texlive/2018/texmf-dist/tex/generic/pgf/basiclayer/pgfc
orescopes.code.tex
File: pgfcorescopes.code.tex 2019/02/02 v3.1.1 (3.1.1)
\pgfpic=\box37
\pgf@hbox=\box38
\pgf@layerbox@main=\box39
\pgf@picture@serial@count=\count117
)
(d:/tools/LaTex/install/texlive/2018/texmf-dist/tex/generic/pgf/basiclayer/pgfc
oregraphicstate.code.tex
File: pgfcoregraphicstate.code.tex 2019/02/02 v3.1.1 (3.1.1)
\pgflinewidth=\dimen157
)
(d:/tools/LaTex/install/texlive/2018/texmf-dist/tex/generic/pgf/basiclayer/pgfc
oretransformations.code.tex
File: pgfcoretransformations.code.tex 2019/02/02 v3.1.1 (3.1.1)
\pgf@pt@x=\dimen158
\pgf@pt@y=\dimen159
\pgf@pt@temp=\dimen160
)
(d:/tools/LaTex/install/texlive/2018/texmf-dist/tex/generic/pgf/basiclayer/pgfc
orequick.code.tex
File: pgfcorequick.code.tex 2019/02/02 v3.1.1 (3.1.1)
)
(d:/tools/LaTex/install/texlive/2018/texmf-dist/tex/generic/pgf/basiclayer/pgfc
oreobjects.code.tex
File: pgfcoreobjects.code.tex 2019/02/02 v3.1.1 (3.1.1)
)
(d:/tools/LaTex/install/texlive/2018/texmf-dist/tex/generic/pgf/basiclayer/pgfc
orepathprocessing.code.tex
File: pgfcorepathprocessing.code.tex 2019/02/02 v3.1.1 (3.1.1)
)
(d:/tools/LaTex/install/texlive/2018/texmf-dist/tex/generic/pgf/basiclayer/pgfc
orearrows.code.tex
File: pgfcorearrows.code.tex 2019/02/02 v3.1.1 (3.1.1)
\pgfarrowsep=\dimen161
)
(d:/tools/LaTex/install/texlive/2018/texmf-dist/tex/generic/pgf/basiclayer/pgfc
oreshade.code.tex
File: pgfcoreshade.code.tex 2019/02/02 v3.1.1 (3.1.1)
\pgf@max=\dimen162
\pgf@sys@shading@range@num=\count118
)
(d:/tools/LaTex/install/texlive/2018/texmf-dist/tex/generic/pgf/basiclayer/pgfc
oreimage.code.tex
File: pgfcoreimage.code.tex 2019/02/02 v3.1.1 (3.1.1)

(d:/tools/LaTex/install/texlive/2018/texmf-dist/tex/generic/pgf/basiclayer/pgfc
oreexternal.code.tex
File: pgfcoreexternal.code.tex 2019/02/02 v3.1.1 (3.1.1)
\pgfexternal@startupbox=\box40
))
(d:/tools/LaTex/install/texlive/2018/texmf-dist/tex/generic/pgf/basiclayer/pgfc
orelayers.code.tex
File: pgfcorelayers.code.tex 2019/02/02 v3.1.1 (3.1.1)
)
(d:/tools/LaTex/install/texlive/2018/texmf-dist/tex/generic/pgf/basiclayer/pgfc
oretransparency.code.tex
File: pgfcoretransparency.code.tex 2019/02/02 v3.1.1 (3.1.1)
)
(d:/tools/LaTex/install/texlive/2018/texmf-dist/tex/generic/pgf/basiclayer/pgfc
orepatterns.code.tex
File: pgfcorepatterns.code.tex 2019/02/02 v3.1.1 (3.1.1)
)
(d:/tools/LaTex/install/texlive/2018/texmf-dist/tex/generic/pgf/basiclayer/pgfc
orerdf.code.tex
File: pgfcorerdf.code.tex 2019/02/02 v3.1.1 (3.1.1)
)))
(d:/tools/LaTex/install/texlive/2018/texmf-dist/tex/latex/pgf/utilities/xxcolor
.sty
Package: xxcolor 2003/10/24 ver 0.1
\XC@nummixins=\count119
\XC@countmixins=\count120
)
(d:/tools/LaTex/install/texlive/2018/texmf-dist/tex/generic/oberdiek/atbegshi.s
ty
Package: atbegshi 2016/06/09 v1.18 At begin shipout hook (HO)

(d:/tools/LaTex/install/texlive/2018/texmf-dist/tex/generic/oberdiek/infwarerr.
sty
Package: infwarerr 2016/05/16 v1.4 Providing info/warning/error messages (HO)
)
(d:/tools/LaTex/install/texlive/2018/texmf-dist/tex/generic/oberdiek/ltxcmds.st
y
Package: ltxcmds 2016/05/16 v1.23 LaTeX kernel commands for general use (HO)
))
(d:/tools/LaTex/install/texlive/2018/texmf-dist/tex/latex/hyperref/hyperref.sty
Package: hyperref 2018/11/30 v6.88e Hypertext links for LaTeX

(d:/tools/LaTex/install/texlive/2018/texmf-dist/tex/generic/oberdiek/hobsub-hyp
erref.sty
Package: hobsub-hyperref 2016/05/16 v1.14 Bundle oberdiek, subset hyperref (HO)


(d:/tools/LaTex/install/texlive/2018/texmf-dist/tex/generic/oberdiek/hobsub-gen
eric.sty
Package: hobsub-generic 2016/05/16 v1.14 Bundle oberdiek, subset generic (HO)
Package: hobsub 2016/05/16 v1.14 Construct package bundles (HO)
Package hobsub Info: Skipping package `infwarerr' (already loaded).
Package hobsub Info: Skipping package `ltxcmds' (already loaded).
Package: ifluatex 2016/05/16 v1.4 Provides the ifluatex switch (HO)
Package ifluatex Info: LuaTeX not detected.
Package hobsub Info: Skipping package `ifvtex' (already loaded).
Package: intcalc 2016/05/16 v1.2 Expandable calculations with integers (HO)
Package hobsub Info: Skipping package `ifpdf' (already loaded).
Package: etexcmds 2016/05/16 v1.6 Avoid name clashes with e-TeX commands (HO)
Package etexcmds Info: Could not find \expanded.
(etexcmds)             That can mean that you are not using pdfTeX 1.50 or
(etexcmds)             that some package has redefined \expanded.
(etexcmds)             In the latter case, load this package earlier.
Package: kvsetkeys 2016/05/16 v1.17 Key value parser (HO)
Package: kvdefinekeys 2016/05/16 v1.4 Define keys (HO)
Package: pdftexcmds 2018/09/10 v0.29 Utility functions of pdfTeX for LuaTeX (HO
)
Package pdftexcmds Info: LuaTeX not detected.
Package pdftexcmds Info: \pdf@primitive is available.
Package pdftexcmds Info: \pdf@ifprimitive is available.
Package pdftexcmds Info: \pdfdraftmode found.
Package: pdfescape 2016/05/16 v1.14 Implements pdfTeX's escape features (HO)
Package: bigintcalc 2016/05/16 v1.4 Expandable calculations on big integers (HO
)
Package: bitset 2016/05/16 v1.2 Handle bit-vector datatype (HO)
Package: uniquecounter 2016/05/16 v1.3 Provide unlimited unique counter (HO)
)
Package hobsub Info: Skipping package `hobsub' (already loaded).
Package: letltxmacro 2016/05/16 v1.5 Let assignment for LaTeX macros (HO)
Package: hopatch 2016/05/16 v1.3 Wrapper for package hooks (HO)
Package: xcolor-patch 2016/05/16 xcolor patch
Package: atveryend 2016/05/16 v1.9 Hooks at the very end of document (HO)
Package hobsub Info: Skipping package `atbegshi' (already loaded).
Package: refcount 2016/05/16 v3.5 Data extraction from label references (HO)
Package: hycolor 2016/05/16 v1.8 Color options for hyperref/bookmark (HO)
)
(d:/tools/LaTex/install/texlive/2018/texmf-dist/tex/latex/oberdiek/auxhook.sty
Package: auxhook 2016/05/16 v1.4 Hooks for auxiliary files (HO)
)
(d:/tools/LaTex/install/texlive/2018/texmf-dist/tex/latex/oberdiek/kvoptions.st
y
Package: kvoptions 2016/05/16 v3.12 Key value format for package options (HO)
)
\@linkdim=\dimen163
\Hy@linkcounter=\count121
\Hy@pagecounter=\count122

(d:/tools/LaTex/install/texlive/2018/texmf-dist/tex/latex/hyperref/pd1enc.def
File: pd1enc.def 2018/11/30 v6.88e Hyperref: PDFDocEncoding definition (HO)
Now handling font encoding PD1 ...
... no UTF-8 mapping file for font encoding PD1
)
\Hy@SavedSpaceFactor=\count123

(d:/tools/LaTex/install/texlive/2018/texmf-dist/tex/latex/latexconfig/hyperref.
cfg
File: hyperref.cfg 2002/06/06 v1.2 hyperref configuration of TeXLive
)
Package hyperref Info: Option `bookmarks' set `true' on input line 4393.
Package hyperref Info: Option `bookmarksopen' set `true' on input line 4393.
Package hyperref Info: Option `implicit' set `false' on input line 4393.
Package hyperref Info: Hyper figures OFF on input line 4519.
Package hyperref Info: Link nesting OFF on input line 4524.
Package hyperref Info: Hyper index ON on input line 4527.
Package hyperref Info: Plain pages OFF on input line 4534.
Package hyperref Info: Backreferencing OFF on input line 4539.
Package hyperref Info: Implicit mode OFF; no redefinition of LaTeX internals.
Package hyperref Info: Bookmarks ON on input line 4772.
\c@Hy@tempcnt=\count124
 (d:/tools/LaTex/install/texlive/2018/texmf-dist/tex/latex/url/url.sty
\Urlmuskip=\muskip10
Package: url 2013/09/16  ver 3.4  Verb mode for urls, etc.
)
LaTeX Info: Redefining \url on input line 5125.
\XeTeXLinkMargin=\dimen164
\Fld@menulength=\count125
\Field@Width=\dimen165
\Fld@charsize=\dimen166
Package hyperref Info: Hyper figures OFF on input line 6380.
Package hyperref Info: Link nesting OFF on input line 6385.
Package hyperref Info: Hyper index ON on input line 6388.
Package hyperref Info: backreferencing OFF on input line 6395.
Package hyperref Info: Link coloring OFF on input line 6400.
Package hyperref Info: Link coloring with OCG OFF on input line 6405.
Package hyperref Info: PDF/A mode OFF on input line 6410.
LaTeX Info: Redefining \ref on input line 6450.
LaTeX Info: Redefining \pageref on input line 6454.
\Hy@abspage=\count126


Package hyperref Message: Stopped early.

)
Package hyperref Info: Driver (autodetected): hpdftex.

(d:/tools/LaTex/install/texlive/2018/texmf-dist/tex/latex/hyperref/hpdftex.def
File: hpdftex.def 2018/11/30 v6.88e Hyperref driver for pdfTeX
\Fld@listcount=\count127
\c@bookmark@seq@number=\count128

(d:/tools/LaTex/install/texlive/2018/texmf-dist/tex/latex/oberdiek/rerunfileche
ck.sty
Package: rerunfilecheck 2016/05/16 v1.8 Rerun checks for auxiliary files (HO)
Package uniquecounter Info: New unique counter `rerunfilecheck' on input line 2
82.
))
(d:/tools/LaTex/install/texlive/2018/texmf-dist/tex/latex/beamer/beamerbaserequ
ires.sty
(d:/tools/LaTex/install/texlive/2018/texmf-dist/tex/latex/beamer/beamerbasecomp
atibility.sty)
(d:/tools/LaTex/install/texlive/2018/texmf-dist/tex/latex/beamer/beamerbasefont
.sty
(d:/tools/LaTex/install/texlive/2018/texmf-dist/tex/latex/amsfonts/amssymb.sty
Package: amssymb 2013/01/14 v3.01 AMS font symbols

(d:/tools/LaTex/install/texlive/2018/texmf-dist/tex/latex/amsfonts/amsfonts.sty
Package: amsfonts 2013/01/14 v3.01 Basic AMSFonts support
\@emptytoks=\toks26
\symAMSa=\mathgroup4
\symAMSb=\mathgroup5
LaTeX Font Info:    Overwriting math alphabet `\mathfrak' in version `bold'
(Font)                  U/euf/m/n --> U/euf/b/n on input line 106.
))
(d:/tools/LaTex/install/texlive/2018/texmf-dist/tex/latex/sansmathaccent/sansma
thaccent.sty
Package: sansmathaccent 2013/03/28

(d:/tools/LaTex/install/texlive/2018/texmf-dist/tex/latex/filehook/filehook.sty
Package: filehook 2011/10/12 v0.5d Hooks for input files
)))
(d:/tools/LaTex/install/texlive/2018/texmf-dist/tex/latex/beamer/beamerbasetran
slator.sty
(d:/tools/LaTex/install/texlive/2018/texmf-dist/tex/latex/translator/translator
.sty
Package: translator 2018/01/04 v1.12 Easy translation of strings in LaTeX
))
(d:/tools/LaTex/install/texlive/2018/texmf-dist/tex/latex/beamer/beamerbasemisc
.sty)
(d:/tools/LaTex/install/texlive/2018/texmf-dist/tex/latex/beamer/beamerbasetwos
creens.sty)
(d:/tools/LaTex/install/texlive/2018/texmf-dist/tex/latex/beamer/beamerbaseover
lay.sty
\beamer@argscount=\count129
\beamer@lastskipcover=\skip44
\beamer@trivlistdepth=\count130
)
(d:/tools/LaTex/install/texlive/2018/texmf-dist/tex/latex/beamer/beamerbasetitl
e.sty)
(d:/tools/LaTex/install/texlive/2018/texmf-dist/tex/latex/beamer/beamerbasesect
ion.sty
\c@lecture=\count131
\c@part=\count132
\c@section=\count133
\c@subsection=\count134
\c@subsubsection=\count135
)
(d:/tools/LaTex/install/texlive/2018/texmf-dist/tex/latex/beamer/beamerbasefram
e.sty
\beamer@framebox=\box41
\beamer@frametitlebox=\box42
\beamer@zoombox=\box43
\beamer@zoomcount=\count136
\beamer@zoomframecount=\count137
\beamer@frametextheight=\dimen167
\c@subsectionslide=\count138
\beamer@frametopskip=\skip45
\beamer@framebottomskip=\skip46
\beamer@frametopskipautobreak=\skip47
\beamer@framebottomskipautobreak=\skip48
\beamer@envbody=\toks27
\framewidth=\dimen168
\c@framenumber=\count139
)
(d:/tools/LaTex/install/texlive/2018/texmf-dist/tex/latex/beamer/beamerbaseverb
atim.sty
\beamer@verbatimfileout=\write4
)
(d:/tools/LaTex/install/texlive/2018/texmf-dist/tex/latex/beamer/beamerbasefram
esize.sty
\beamer@splitbox=\box44
\beamer@autobreakcount=\count140
\beamer@autobreaklastheight=\dimen169
\beamer@frametitletoks=\toks28
\beamer@framesubtitletoks=\toks29
)
(d:/tools/LaTex/install/texlive/2018/texmf-dist/tex/latex/beamer/beamerbasefram
ecomponents.sty
\beamer@footins=\box45
)
(d:/tools/LaTex/install/texlive/2018/texmf-dist/tex/latex/beamer/beamerbasecolo
r.sty)
(d:/tools/LaTex/install/texlive/2018/texmf-dist/tex/latex/beamer/beamerbasenote
s.sty
\beamer@frameboxcopy=\box46
)
(d:/tools/LaTex/install/texlive/2018/texmf-dist/tex/latex/beamer/beamerbasetoc.
sty)
(d:/tools/LaTex/install/texlive/2018/texmf-dist/tex/latex/beamer/beamerbasetemp
lates.sty
\beamer@sbttoks=\toks30

(d:/tools/LaTex/install/texlive/2018/texmf-dist/tex/latex/beamer/beamerbaseauxt
emplates.sty
(d:/tools/LaTex/install/texlive/2018/texmf-dist/tex/latex/beamer/beamerbaseboxe
s.sty
\bmb@box=\box47
\bmb@colorbox=\box48
\bmb@boxshadow=\box49
\bmb@boxshadowball=\box50
\bmb@boxshadowballlarge=\box51
\bmb@temp=\dimen170
\bmb@dima=\dimen171
\bmb@dimb=\dimen172
\bmb@prevheight=\dimen173
)
\beamer@blockheadheight=\dimen174
))
(d:/tools/LaTex/install/texlive/2018/texmf-dist/tex/latex/beamer/beamerbaseloca
lstructure.sty
(d:/tools/LaTex/install/texlive/2018/texmf-dist/tex/latex/tools/enumerate.sty
Package: enumerate 2015/07/23 v3.00 enumerate extensions (DPC)
\@enLab=\toks31
)
\c@figure=\count141
\c@table=\count142
\abovecaptionskip=\skip49
\belowcaptionskip=\skip50
)
(d:/tools/LaTex/install/texlive/2018/texmf-dist/tex/latex/beamer/beamerbasenavi
gation.sty
\beamer@section@min@dim=\dimen175
)
(d:/tools/LaTex/install/texlive/2018/texmf-dist/tex/latex/beamer/beamerbasetheo
rems.sty
(d:/tools/LaTex/install/texlive/2018/texmf-dist/tex/latex/amsmath/amsmath.sty
Package: amsmath 2018/12/01 v2.17b AMS math features
\@mathmargin=\skip51

For additional information on amsmath, use the `?' option.
(d:/tools/LaTex/install/texlive/2018/texmf-dist/tex/latex/amsmath/amstext.sty
Package: amstext 2000/06/29 v2.01 AMS text

(d:/tools/LaTex/install/texlive/2018/texmf-dist/tex/latex/amsmath/amsgen.sty
File: amsgen.sty 1999/11/30 v2.0 generic functions
\@emptytoks=\toks32
\ex@=\dimen176
))
(d:/tools/LaTex/install/texlive/2018/texmf-dist/tex/latex/amsmath/amsbsy.sty
Package: amsbsy 1999/11/29 v1.2d Bold Symbols
\pmbraise@=\dimen177
)
(d:/tools/LaTex/install/texlive/2018/texmf-dist/tex/latex/amsmath/amsopn.sty
Package: amsopn 2016/03/08 v2.02 operator names
)
\inf@bad=\count143
LaTeX Info: Redefining \frac on input line 223.
\uproot@=\count144
\leftroot@=\count145
LaTeX Info: Redefining \overline on input line 385.
\classnum@=\count146
\DOTSCASE@=\count147
LaTeX Info: Redefining \ldots on input line 482.
LaTeX Info: Redefining \dots on input line 485.
LaTeX Info: Redefining \cdots on input line 606.
\Mathstrutbox@=\box52
\strutbox@=\box53
\big@size=\dimen178
LaTeX Font Info:    Redeclaring font encoding OML on input line 729.
LaTeX Font Info:    Redeclaring font encoding OMS on input line 730.
\macc@depth=\count148
\c@MaxMatrixCols=\count149
\dotsspace@=\muskip11
\c@parentequation=\count150
\dspbrk@lvl=\count151
\tag@help=\toks33
\row@=\count152
\column@=\count153
\maxfields@=\count154
\andhelp@=\toks34
\eqnshift@=\dimen179
\alignsep@=\dimen180
\tagshift@=\dimen181
\tagwidth@=\dimen182
\totwidth@=\dimen183
\lineht@=\dimen184
\@envbody=\toks35
\multlinegap=\skip52
\multlinetaggap=\skip53
\mathdisplay@stack=\toks36
LaTeX Info: Redefining \[ on input line 2844.
LaTeX Info: Redefining \] on input line 2845.
)
(d:/tools/LaTex/install/texlive/2018/texmf-dist/tex/latex/amscls/amsthm.sty
Package: amsthm 2017/10/31 v2.20.4
\thm@style=\toks37
\thm@bodyfont=\toks38
\thm@headfont=\toks39
\thm@notefont=\toks40
\thm@headpunct=\toks41
\thm@preskip=\skip54
\thm@postskip=\skip55
\thm@headsep=\skip56
\dth@everypar=\toks42
)
\c@theorem=\count155
)
(d:/tools/LaTex/install/texlive/2018/texmf-dist/tex/latex/beamer/beamerbasethem
es.sty))
(d:/tools/LaTex/install/texlive/2018/texmf-dist/tex/latex/beamer/beamerthemedef
ault.sty
(d:/tools/LaTex/install/texlive/2018/texmf-dist/tex/latex/beamer/beamerfontthem
edefault.sty)
(d:/tools/LaTex/install/texlive/2018/texmf-dist/tex/latex/beamer/beamercolorthe
medefault.sty)
(d:/tools/LaTex/install/texlive/2018/texmf-dist/tex/latex/beamer/beamerinnerthe
medefault.sty
\beamer@dima=\dimen185
\beamer@dimb=\dimen186
)
(d:/tools/LaTex/install/texlive/2018/texmf-dist/tex/latex/beamer/beamerouterthe
medefault.sty)))
(d:/tools/LaTex/install/texlive/2018/texmf-dist/tex/latex/cjk/texinput/CJK.sty
Package: CJK 2015/04/18 4.8.4

(d:/tools/LaTex/install/texlive/2018/texmf-dist/tex/latex/cjk/texinput/mule/MUL
Eenc.sty
Package: MULEenc 2015/04/18 4.8.4
)
(d:/tools/LaTex/install/texlive/2018/texmf-dist/tex/latex/cjk/texinput/CJK.enc
File: CJK.enc 2015/04/18 4.8.4
Now handling font encoding C00 ...
... no UTF-8 mapping file for font encoding C00
Now handling font encoding C05 ...
... no UTF-8 mapping file for font encoding C05
Now handling font encoding C09 ...
... no UTF-8 mapping file for font encoding C09
Now handling font encoding C10 ...
... no UTF-8 mapping file for font encoding C10
Now handling font encoding C20 ...
... no UTF-8 mapping file for font encoding C20
Now handling font encoding C19 ...
... no UTF-8 mapping file for font encoding C19
Now handling font encoding C40 ...
... no UTF-8 mapping file for font encoding C40
Now handling font encoding C42 ...
... no UTF-8 mapping file for font encoding C42
Now handling font encoding C43 ...
... no UTF-8 mapping file for font encoding C43
Now handling font encoding C50 ...
... no UTF-8 mapping file for font encoding C50
Now handling font encoding C52 ...
... no UTF-8 mapping file for font encoding C52
Now handling font encoding C49 ...
... no UTF-8 mapping file for font encoding C49
Now handling font encoding C60 ...
... no UTF-8 mapping file for font encoding C60
Now handling font encoding C61 ...
... no UTF-8 mapping file for font encoding C61
Now handling font encoding C63 ...
... no UTF-8 mapping file for font encoding C63
Now handling font encoding C64 ...
... no UTF-8 mapping file for font encoding C64
Now handling font encoding C65 ...
... no UTF-8 mapping file for font encoding C65
Now handling font encoding C70 ...
... no UTF-8 mapping file for font encoding C70
Now handling font encoding C31 ...
... no UTF-8 mapping file for font encoding C31
Now handling font encoding C32 ...
... no UTF-8 mapping file for font encoding C32
Now handling font encoding C33 ...
... no UTF-8 mapping file for font encoding C33
Now handling font encoding C34 ...
... no UTF-8 mapping file for font encoding C34
Now handling font encoding C35 ...
... no UTF-8 mapping file for font encoding C35
Now handling font encoding C36 ...
... no UTF-8 mapping file for font encoding C36
Now handling font encoding C37 ...
... no UTF-8 mapping file for font encoding C37
Now handling font encoding C80 ...
... no UTF-8 mapping file for font encoding C80
Now handling font encoding C81 ...
... no UTF-8 mapping file for font encoding C81
Now handling font encoding C01 ...
... no UTF-8 mapping file for font encoding C01
Now handling font encoding C11 ...
... no UTF-8 mapping file for font encoding C11
Now handling font encoding C21 ...
... no UTF-8 mapping file for font encoding C21
Now handling font encoding C41 ...
... no UTF-8 mapping file for font encoding C41
Now handling font encoding C62 ...
... no UTF-8 mapping file for font encoding C62
)
LaTeX Info: Redefining \selectfont on input line 755.
\CJK@indent=\box54
) (d:/tools/LaTex/install/texlive/2018/texmf-dist/tex/latex/ctex/ctex.sty
(d:/tools/LaTex/install/texlive/2018/texmf-dist/tex/latex/l3kernel/expl3.sty
Package: expl3 2019-02-15 L3 programming layer (loader) 

(d:/tools/LaTex/install/texlive/2018/texmf-dist/tex/latex/l3kernel/expl3-code.t
ex
Package: expl3 2019-02-15 L3 programming layer (code)
\c_max_int=\count156
\l_tmpa_int=\count157
\l_tmpb_int=\count158
\g_tmpa_int=\count159
\g_tmpb_int=\count160
\g__kernel_prg_map_int=\count161
\c_log_iow=\count162
\l_iow_line_count_int=\count163
\l__iow_line_target_int=\count164
\l__iow_one_indent_int=\count165
\l__iow_indent_int=\count166
\c_zero_dim=\dimen187
\c_max_dim=\dimen188
\l_tmpa_dim=\dimen189
\l_tmpb_dim=\dimen190
\g_tmpa_dim=\dimen191
\g_tmpb_dim=\dimen192
\c_zero_skip=\skip57
\c_max_skip=\skip58
\l_tmpa_skip=\skip59
\l_tmpb_skip=\skip60
\g_tmpa_skip=\skip61
\g_tmpb_skip=\skip62
\c_zero_muskip=\muskip12
\c_max_muskip=\muskip13
\l_tmpa_muskip=\muskip14
\l_tmpb_muskip=\muskip15
\g_tmpa_muskip=\muskip16
\g_tmpb_muskip=\muskip17
\l_keys_choice_int=\count167
\l__intarray_loop_int=\count168
\c__intarray_sp_dim=\dimen193
\g__intarray_font_int=\count169
\c__fp_leading_shift_int=\count170
\c__fp_middle_shift_int=\count171
\c__fp_trailing_shift_int=\count172
\c__fp_big_leading_shift_int=\count173
\c__fp_big_middle_shift_int=\count174
\c__fp_big_trailing_shift_int=\count175
\c__fp_Bigg_leading_shift_int=\count176
\c__fp_Bigg_middle_shift_int=\count177
\c__fp_Bigg_trailing_shift_int=\count178
\c__kernel_randint_max_int=\count179
\g__fp_array_int=\count180
\l__fp_array_loop_int=\count181
\l__sort_length_int=\count182
\l__sort_min_int=\count183
\l__sort_top_int=\count184
\l__sort_max_int=\count185
\l__sort_true_max_int=\count186
\l__sort_block_int=\count187
\l__sort_begin_int=\count188
\l__sort_end_int=\count189
\l__sort_A_int=\count190
\l__sort_B_int=\count191
\l__sort_C_int=\count192
\l__tl_analysis_normal_int=\count193
\l__tl_analysis_index_int=\count194
\l__tl_analysis_nesting_int=\count195
\l__tl_analysis_type_int=\count196
\l__regex_internal_a_int=\count197
\l__regex_internal_b_int=\count198
\l__regex_internal_c_int=\count199
\l__regex_balance_int=\count266
\l__regex_group_level_int=\count267
\l__regex_mode_int=\count268
\c__regex_cs_in_class_mode_int=\count269
\c__regex_cs_mode_int=\count270
\l__regex_catcodes_int=\count271
\l__regex_default_catcodes_int=\count272
\c__regex_catcode_D_int=\count273
\c__regex_catcode_S_int=\count274
\c__regex_catcode_L_int=\count275
\c__regex_catcode_O_int=\count276
\c__regex_catcode_A_int=\count277
\c__regex_all_catcodes_int=\count278
\l__regex_show_lines_int=\count279
\l__regex_min_state_int=\count280
\l__regex_max_state_int=\count281
\l__regex_left_state_int=\count282
\l__regex_right_state_int=\count283
\l__regex_capturing_group_int=\count284
\l__regex_min_pos_int=\count285
\l__regex_max_pos_int=\count286
\l__regex_curr_pos_int=\count287
\l__regex_start_pos_int=\count288
\l__regex_success_pos_int=\count289
\l__regex_curr_char_int=\count290
\l__regex_curr_catcode_int=\count291
\l__regex_last_char_int=\count292
\l__regex_case_changed_char_int=\count293
\l__regex_curr_state_int=\count294
\l__regex_step_int=\count295
\l__regex_min_active_int=\count296
\l__regex_max_active_int=\count297
\l__regex_replacement_csnames_int=\count298
\l__regex_match_count_int=\count299
\l__regex_min_submatch_int=\count300
\l__regex_submatch_int=\count301
\l__regex_zeroth_submatch_int=\count302
\g__regex_trace_regex_int=\count303
\c_empty_box=\box55
\l_tmpa_box=\box56
\l_tmpb_box=\box57
\g_tmpa_box=\box58
\g_tmpb_box=\box59
\l__box_top_dim=\dimen194
\l__box_bottom_dim=\dimen195
\l__box_left_dim=\dimen196
\l__box_right_dim=\dimen197
\l__box_top_new_dim=\dimen198
\l__box_bottom_new_dim=\dimen199
\l__box_left_new_dim=\dimen256
\l__box_right_new_dim=\dimen257
\l__box_internal_box=\box60
\l__coffin_internal_box=\box61
\l__coffin_internal_dim=\dimen258
\l__coffin_offset_x_dim=\dimen259
\l__coffin_offset_y_dim=\dimen260
\l__coffin_x_dim=\dimen261
\l__coffin_y_dim=\dimen262
\l__coffin_x_prime_dim=\dimen263
\l__coffin_y_prime_dim=\dimen264
\c_empty_coffin=\box62
\l__coffin_aligned_coffin=\box63
\l__coffin_aligned_internal_coffin=\box64
\l_tmpa_coffin=\box65
\l_tmpb_coffin=\box66
\g_tmpa_coffin=\box67
\g_tmpb_coffin=\box68
\c__coffin_empty_coffin=\box69
\l__coffin_display_coffin=\box70
\l__coffin_display_coord_coffin=\box71
\l__coffin_display_pole_coffin=\box72
\l__coffin_display_offset_dim=\dimen265
\l__coffin_display_x_dim=\dimen266
\l__coffin_display_y_dim=\dimen267
\g__file_internal_ior=\read2
\l__coffin_bounding_shift_dim=\dimen268
\l__coffin_left_corner_dim=\dimen269
\l__coffin_right_corner_dim=\dimen270
\l__coffin_bottom_corner_dim=\dimen271
\l__coffin_top_corner_dim=\dimen272
\l__coffin_scaled_total_height_dim=\dimen273
\l__coffin_scaled_width_dim=\dimen274
\l__seq_internal_a_int=\count304
\l__seq_internal_b_int=\count305
)
(d:/tools/LaTex/install/texlive/2018/texmf-dist/tex/latex/l3kernel/l3pdfmode.de
f
File: l3pdfmode.def 2019-02-15 v L3 Experimental driver: PDF mode
\l__driver_color_stack_int=\count306
))
Package: ctex 2018/05/02 v2.4.14 Chinese adapter in LaTeX (CTEX)

(d:/tools/LaTex/install/texlive/2018/texmf-dist/tex/latex/l3packages/xparse/xpa
rse.sty
Package: xparse 2018-10-17 L3 Experimental document command parser
\l__xparse_current_arg_int=\count307
\g__xparse_grabber_int=\count308
\l__xparse_m_args_int=\count309
\l__xparse_mandatory_args_int=\count310
\l__xparse_v_nesting_int=\count311
)
(d:/tools/LaTex/install/texlive/2018/texmf-dist/tex/latex/l3packages/l3keys2e/l
3keys2e.sty
Package: l3keys2e 2018-10-17 LaTeX2e option processing using LaTeX3 keys
)
(d:/tools/LaTex/install/texlive/2018/texmf-dist/tex/latex/ctex/ctexhook.sty
Package: ctexhook 2018/05/02 v2.4.14 Document and package hooks (CTEX)
)
(d:/tools/LaTex/install/texlive/2018/texmf-dist/tex/latex/ctex/ctexpatch.sty
Package: ctexpatch 2018/05/02 v2.4.14 Patching commands (CTEX)
)
(d:/tools/LaTex/install/texlive/2018/texmf-dist/tex/latex/base/fix-cm.sty
Package: fix-cm 2015/01/14 v1.1t fixes to LaTeX

(d:/tools/LaTex/install/texlive/2018/texmf-dist/tex/latex/base/ts1enc.def
File: ts1enc.def 2001/06/05 v3.0e (jk/car/fm) Standard LaTeX file
Now handling font encoding TS1 ...
... processing UTF-8 mapping file for font encoding TS1

(d:/tools/LaTex/install/texlive/2018/texmf-dist/tex/latex/base/ts1enc.dfu
File: ts1enc.dfu 2018/10/05 v1.2f UTF-8 support for inputenc
   defining Unicode char U+00A2 (decimal 162)
   defining Unicode char U+00A3 (decimal 163)
   defining Unicode char U+00A4 (decimal 164)
   defining Unicode char U+00A5 (decimal 165)
   defining Unicode char U+00A6 (decimal 166)
   defining Unicode char U+00A7 (decimal 167)
   defining Unicode char U+00A8 (decimal 168)
   defining Unicode char U+00A9 (decimal 169)
   defining Unicode char U+00AA (decimal 170)
   defining Unicode char U+00AC (decimal 172)
   defining Unicode char U+00AE (decimal 174)
   defining Unicode char U+00AF (decimal 175)
   defining Unicode char U+00B0 (decimal 176)
   defining Unicode char U+00B1 (decimal 177)
   defining Unicode char U+00B2 (decimal 178)
   defining Unicode char U+00B3 (decimal 179)
   defining Unicode char U+00B4 (decimal 180)
   defining Unicode char U+00B5 (decimal 181)
   defining Unicode char U+00B6 (decimal 182)
   defining Unicode char U+00B7 (decimal 183)
   defining Unicode char U+00B9 (decimal 185)
   defining Unicode char U+00BA (decimal 186)
   defining Unicode char U+00BC (decimal 188)
   defining Unicode char U+00BD (decimal 189)
   defining Unicode char U+00BE (decimal 190)
   defining Unicode char U+00D7 (decimal 215)
   defining Unicode char U+00F7 (decimal 247)
   defining Unicode char U+0192 (decimal 402)
   defining Unicode char U+02C7 (decimal 711)
   defining Unicode char U+02D8 (decimal 728)
   defining Unicode char U+02DD (decimal 733)
   defining Unicode char U+0E3F (decimal 3647)
   defining Unicode char U+2016 (decimal 8214)
   defining Unicode char U+2020 (decimal 8224)
   defining Unicode char U+2021 (decimal 8225)
   defining Unicode char U+2022 (decimal 8226)
   defining Unicode char U+2030 (decimal 8240)
   defining Unicode char U+2031 (decimal 8241)
   defining Unicode char U+203B (decimal 8251)
   defining Unicode char U+203D (decimal 8253)
   defining Unicode char U+2044 (decimal 8260)
   defining Unicode char U+204E (decimal 8270)
   defining Unicode char U+2052 (decimal 8274)
   defining Unicode char U+20A1 (decimal 8353)
   defining Unicode char U+20A4 (decimal 8356)
   defining Unicode char U+20A6 (decimal 8358)
   defining Unicode char U+20A9 (decimal 8361)
   defining Unicode char U+20AB (decimal 8363)
   defining Unicode char U+20AC (decimal 8364)
   defining Unicode char U+20B1 (decimal 8369)
   defining Unicode char U+2103 (decimal 8451)
   defining Unicode char U+2116 (decimal 8470)
   defining Unicode char U+2117 (decimal 8471)
   defining Unicode char U+211E (decimal 8478)
   defining Unicode char U+2120 (decimal 8480)
   defining Unicode char U+2122 (decimal 8482)
   defining Unicode char U+2126 (decimal 8486)
   defining Unicode char U+2127 (decimal 8487)
   defining Unicode char U+212E (decimal 8494)
   defining Unicode char U+2190 (decimal 8592)
   defining Unicode char U+2191 (decimal 8593)
   defining Unicode char U+2192 (decimal 8594)
   defining Unicode char U+2193 (decimal 8595)
   defining Unicode char U+2329 (decimal 9001)
   defining Unicode char U+232A (decimal 9002)
   defining Unicode char U+2422 (decimal 9250)
   defining Unicode char U+25E6 (decimal 9702)
   defining Unicode char U+25EF (decimal 9711)
   defining Unicode char U+266A (decimal 9834)
   defining Unicode char U+FEFF (decimal 65279)
)))
(d:/tools/LaTex/install/texlive/2018/texmf-dist/tex/latex/ms/everysel.sty
Package: everysel 2011/10/28 v1.2 EverySelectfont Package (MS)
)
\l__ctex_tmp_int=\count312
\l__ctex_tmp_box=\box73
\l__ctex_tmp_dim=\dimen275
\g__ctex_font_size_flag=\count313

(d:/tools/LaTex/install/texlive/2018/texmf-dist/tex/latex/ctex/config/ctexopts.
cfg
File: ctexopts.cfg 2018/05/02 v2.4.14 Option configuration file (CTEX)
)
(d:/tools/LaTex/install/texlive/2018/texmf-dist/tex/latex/ctex/engine/ctex-engi
ne-pdftex.def
File: ctex-engine-pdftex.def 2018/05/02 v2.4.14 (pdf)LaTeX adapter (CTEX)

(d:/tools/LaTex/install/texlive/2018/texmf-dist/tex/latex/cjkpunct/CJKpunct.sty
Package: CJKpunct 2016/05/14 4.8.4
\CJKpunct@cnta=\count314
\CJKpunct@cntb=\count315
\CJKpunct@cntc=\count316
\CJKpunct@cntd=\count317
\CJKpunct@cnte=\count318
   defining Unicode char U+2018 (decimal 8216)
   defining Unicode char U+2019 (decimal 8217)
   defining Unicode char U+201C (decimal 8220)
   defining Unicode char U+201D (decimal 8221)
   defining Unicode char U+2014 (decimal 8212)
   defining Unicode char U+2026 (decimal 8230)

(d:/tools/LaTex/install/texlive/2018/texmf-dist/tex/latex/cjkpunct/CJKpunct.spa
))
(d:/tools/LaTex/install/texlive/2018/texmf-dist/tex/latex/cjk/texinput/CJKspace
.sty
Package: CJKspace 2015/04/18 3.8.0
)
(d:/tools/LaTex/install/texlive/2018/texmf-dist/tex/latex/cjk/texinput/standard
.bdg
File: standard.bdg 2015/04/18 4.8.4
)
(d:/tools/LaTex/install/texlive/2018/texmf-dist/tex/latex/ctex/ctexspa.def
File: ctexspa.def 2018/05/01 v2.4.14 Space info for CJKpunct (CTEX)
)

Package hyperref Warning: Option `driverfallback' has already been used,
(hyperref)                setting the option has no effect on input line 306.

Package hyperref Info: Option `CJKbookmarks' set `true' on input line 324.

(d:/tools/LaTex/install/texlive/2018/texmf-dist/tex/latex/xcjk2uni/xCJK2uni.sty
Package: xCJK2uni 2018/01/28 v0.7 Convert CJK character to Unicode.
\l__CJKtu_i_min_int=\count319
\l__CJKtu_i_max_int=\count320
\l__CJKtu_ii_min_int=\count321
\l__CJKtu_ii_max_int=\count322
\l__CJKtu_gap_begin_int=\count323
\l__CJKtu_gap_end_int=\count324
\l__CJKtu_plane_int=\count325
Package hyperref Info: Option `unicode' set `true' on input line 223.
(d:/tools/LaTex/install/texlive/2018/texmf-dist/tex/latex/hyperref/puenc.def
File: puenc.def 2018/11/30 v6.88e Hyperref: PDF Unicode definition (HO)
Now handling font encoding PU ...
... no UTF-8 mapping file for font encoding PU
)
Package hyperref Info: Option `CJKbookmarks' set `false' on input line 223.

(d:/tools/LaTex/install/texlive/2018/texmf-dist/tex/latex/xcjk2uni/xCJK2uni-UGB
K.def
File: xCJK2uni-UGBK.def 2018/01/28 v0.7 Convert CJK character to Unicode.
))
(d:/tools/LaTex/install/texlive/2018/texmf-dist/tex/latex/cjk/texinput/CJKfntef
.sty
Package: CJKfntef 2015/04/18 4.8.4

(d:/tools/LaTex/install/texlive/2018/texmf-dist/tex/latex/cjk/texinput/CJKulem.
sty
Package: CJKulem 2015/04/18 4.8.4
 (d:/tools/LaTex/install/texlive/2018/texmf-dist/tex/generic/ulem/ulem.sty
\UL@box=\box74
\UL@hyphenbox=\box75
\UL@skip=\skip63
\UL@hook=\toks43
\UL@height=\dimen276
\UL@pe=\count326
\UL@pixel=\dimen277
\ULC@box=\box76
Package: ulem 2012/05/18
\ULdepth=\dimen278
)
\UL@lastkern=\dimen279
\CJK@skip=\skip64
)
\CJK@fntefSkip=\skip65
\CJK@nest=\count327
\CJK@fntefDimen=\dimen280
\CJK@underdotBox=\box77
\CJK@ULbox=\box78
\CJK@underanyskip=\dimen281
)
\ccwd=\dimen282
\l__ctex_ccglue_skip=\skip66
)
\l__ctex_ziju_dim=\dimen283

(d:/tools/LaTex/install/texlive/2018/texmf-dist/tex/latex/zhnumber/zhnumber.sty
Package: zhnumber 2018/01/28 v2.6 Typesetting numbers with Chinese glyphs
\l__zhnum_scale_int=\count328
\l__zhnum_byte_min_int=\count329
\l__zhnum_byte_max_int=\count330

(d:/tools/LaTex/install/texlive/2018/texmf-dist/tex/latex/zhnumber/zhnumber-gbk
.cfg
File: zhnumber-gbk.cfg 2018/01/28 v2.6 Chinese numerals with GBK encoding
))
(d:/tools/LaTex/install/texlive/2018/texmf-dist/tex/latex/ctex/scheme/ctex-sche
me-chinese.def
File: ctex-scheme-chinese.def 2018/05/02 v2.4.14 Chinese scheme for generic (CT
EX)

(d:/tools/LaTex/install/texlive/2018/texmf-dist/tex/latex/ctex/config/ctex-name
-gbk.cfg
File: ctex-name-gbk.cfg 2018/05/02 v2.4.14 Caption with encoding GBK (CTEX)
))
(d:/tools/LaTex/install/texlive/2018/texmf-dist/tex/latex/ctex/fontset/ctex-fon
tset-windows.def
File: ctex-fontset-windows.def 2018/05/02 v2.4.14 Windows fonts definition (CTE
X)

(d:/tools/LaTex/install/texlive/2018/texmf-dist/tex/latex/ctex/fontset/ctex-fon
tset-windowsnew.def
File: ctex-fontset-windowsnew.def 2018/05/02 v2.4.14 Windows fonts definition f
or Vista or later version (CTEX)

(d:/tools/LaTex/install/texlive/2018/texmf-dist/tex/generic/ctex/zhwindowsfonts
.tex
File: zhwindowsfonts.tex 2018/05/01 v2.4.14 Windows font map loader for pdfTeX 
and DVIPDFMx (CTEX)
{d:/tools/LaTex/install/texlive/2018/texmf-var/fonts/map/pdftex/updmap/pdftex.m
ap}{UGBK.sfd}{Unicode.sfd}))))
(d:/tools/LaTex/install/texlive/2018/texmf-dist/tex/latex/ctex/config/ctex.cfg
File: ctex.cfg 2018/05/02 v2.4.14 Configuration file (CTEX)
)
(d:/tools/LaTex/install/texlive/2018/texmf-dist/tex/latex/subfigure/subfigure.s
ty
Package: subfigure 2002/03/15 v2.1.5 subfigure package
\subfigtopskip=\skip67
\subfigcapskip=\skip68
\subfigcaptopadj=\dimen284
\subfigbottomskip=\skip69
\subfigcapmargin=\dimen285
\subfiglabelskip=\skip70
\c@subfigure=\count331
\c@lofdepth=\count332
\c@subtable=\count333
\c@lotdepth=\count334

****************************************
* Local config file subfigure.cfg used *
****************************************

(d:/tools/LaTex/install/texlive/2018/texmf-dist/tex/latex/subfigure/subfigure.c
fg)
\subfig@top=\skip71
\subfig@bottom=\skip72
)
(d:/tools/LaTex/install/texlive/2018/texmf-dist/tex/latex/tools/longtable.sty
Package: longtable 2014/10/28 v4.11 Multi-page Table package (DPC)+ FMi change
\LTleft=\skip73
\LTright=\skip74
\LTpre=\skip75
\LTpost=\skip76
\LTchunksize=\count335
\LTcapwidth=\dimen286
\LT@head=\box79
\LT@firsthead=\box80
\LT@foot=\box81
\LT@lastfoot=\box82
\LT@cols=\count336
\LT@rows=\count337
\c@LT@tables=\count338
\c@LT@chunks=\count339
\LT@p@ftn=\toks44
)
(d:/tools/LaTex/install/texlive/2018/texmf-dist/tex/latex/graphics/rotating.sty
Package: rotating 2016/08/11 v2.16d rotated objects in LaTeX
(d:/tools/LaTex/install/texlive/2018/texmf-dist/tex/latex/base/ifthen.sty
Package: ifthen 2014/09/29 v1.1c Standard LaTeX ifthen package (DPC)
)
\c@r@tfl@t=\count340
\rotFPtop=\skip77
\rotFPbot=\skip78
\rot@float@box=\box83
\rot@mess@toks=\toks45
)
(d:/tools/LaTex/install/texlive/2018/texmf-dist/tex/latex/multirow/multirow.sty
Package: multirow 2019/01/01 v2.4 Span multiple rows of a table
\multirow@colwidth=\skip79
\multirow@cntb=\count341
\multirow@dima=\skip80
\bigstrutjot=\dimen287
)
(d:/tools/LaTex/install/texlive/2018/texmf-dist/tex/latex/algorithms/algorithm.
sty
Package: algorithm 2009/08/24 v0.1 Document Style `algorithm' - floating enviro
nment
 (d:/tools/LaTex/install/texlive/2018/texmf-dist/tex/latex/float/float.sty
Package: float 2001/11/08 v1.3d Float enhancements (AL)
\c@float@type=\count342
\float@exts=\toks46
\float@box=\box84
\@float@everytoks=\toks47
\@floatcapt=\box85
)
\@float@every@algorithm=\toks48
\c@algorithm=\count343
)
(d:/tools/LaTex/install/texlive/2018/texmf-dist/tex/latex/algorithms/algorithmi
c.sty
Package: algorithmic 2009/08/24 v0.1 Document Style `algorithmic'
\c@ALC@unique=\count344
\c@ALC@line=\count345
\c@ALC@rem=\count346
\c@ALC@depth=\count347
\ALC@tlm=\skip81
\algorithmicindent=\skip82
)
(d:/tools/LaTex/install/texlive/2018/texmf-dist/tex/latex/mathtools/mathtools.s
ty
Package: mathtools 2018/01/08 v1.21 mathematical typesetting tools
 (d:/tools/LaTex/install/texlive/2018/texmf-dist/tex/latex/tools/calc.sty
Package: calc 2017/05/25 v4.3 Infix arithmetic (KKT,FJ)
\calc@Acount=\count348
\calc@Bcount=\count349
\calc@Adimen=\dimen288
\calc@Bdimen=\dimen289
\calc@Askip=\skip83
\calc@Bskip=\skip84
LaTeX Info: Redefining \setlength on input line 80.
LaTeX Info: Redefining \addtolength on input line 81.
\calc@Ccount=\count350
\calc@Cskip=\skip85
)
(d:/tools/LaTex/install/texlive/2018/texmf-dist/tex/latex/mathtools/mhsetup.sty
Package: mhsetup 2017/03/31 v1.3 programming setup (MH)
)
LaTeX Info: Thecontrolsequence`\('isalreadyrobust on input line 129.
LaTeX Info: Thecontrolsequence`\)'isalreadyrobust on input line 129.
LaTeX Info: Thecontrolsequence`\['isalreadyrobust on input line 129.
LaTeX Info: Thecontrolsequence`\]'isalreadyrobust on input line 129.
\g_MT_multlinerow_int=\count351
\l_MT_multwidth_dim=\dimen290
\origjot=\skip86
\l_MT_shortvdotswithinadjustabove_dim=\dimen291
\l_MT_shortvdotswithinadjustbelow_dim=\dimen292
\l_MT_above_intertext_sep=\dimen293
\l_MT_below_intertext_sep=\dimen294
\l_MT_above_shortintertext_sep=\dimen295
\l_MT_below_shortintertext_sep=\dimen296
)
(d:/tools/LaTex/install/texlive/2018/texmf-dist/tex/latex/animate/animate.sty
Package: animate 2019/01/23 PDF & SVG animations from files and inline graphics


(d:/tools/LaTex/install/texlive/2018/texmf-dist/tex/latex/xkeyval/xkeyval.sty
Package: xkeyval 2014/12/03 v2.7a package option processing (HA)

(d:/tools/LaTex/install/texlive/2018/texmf-dist/tex/generic/xkeyval/xkeyval.tex

(d:/tools/LaTex/install/texlive/2018/texmf-dist/tex/generic/xkeyval/xkvutils.te
x
\XKV@toks=\toks49
\XKV@tempa@toks=\toks50
)
\XKV@depth=\count352
File: xkeyval.tex 2014/12/03 v2.7a key=value parser (HA)
))
(d:/tools/LaTex/install/texlive/2018/texmf-dist/tex/latex/oberdiek/ifdraft.sty
Package: ifdraft 2016/05/16 v1.4 Detect class options draft and final (HO)
)
(d:/tools/LaTex/install/texlive/2018/texmf-dist/tex/latex/oberdiek/zref-abspage
.sty
Package: zref-abspage 2018/11/21 v2.27 Module abspage for zref (HO)

(d:/tools/LaTex/install/texlive/2018/texmf-dist/tex/latex/oberdiek/zref-base.st
y
Package: zref-base 2018/11/21 v2.27 Module base for zref (HO)
Package zref Info: New property list: main on input line 759.
Package zref Info: New property: default on input line 760.
Package zref Info: New property: page on input line 761.
)
\c@abspage=\count353
Package zref Info: New property: abspage on input line 62.
)
(d:/tools/LaTex/install/texlive/2018/texmf-dist/tex/latex/media9/pdfbase.sty
Package: pdfbase 2019/02/21 v0.27 driver independent access to low-level PDF fe
atures
\g_pbs_page_int=\count354
\g_pbs_oc_int=\count355
)
(d:/tools/LaTex/install/texlive/2018/texmf-dist/tex/latex/ocgx2/ocgbase.sty
Package: ocgbase 2018/06/07 v0.14 support package for ocgx2.sty
\g_ocgbase_nd_int=\count356
)
\@anim@box=\box86
\@anim@measbox=\box87
\@anim@tmpdima=\dimen297
\@anim@tmpdimb=\dimen298
\@anim@num=\count357
\@anim@curframe=\count358
\@anim@curframe@zb=\count359
\@anim@resizeflags=\count360
\@anim@skipfram=\count361
\@anim@mulframecnt=\count362
\@anim@@tmlnfile=\read3
\@anim@tmpcnt=\count363
\c@@anim@ltxcnt=\count364
\@anim@curlayer=\count365
\@anim@lineno=\count366
\@anim@curfield=\count367
\@anim@@resizeflags=\count368
)
(d:/tools/LaTex/install/texlive/2018/texmf-dist/tex/latex/wrapfig/wrapfig.sty
\wrapoverhang=\dimen299
\WF@size=\dimen300
\c@WF@wrappedlines=\count369
\WF@box=\box88
\WF@everypar=\toks51
Package: wrapfig 2003/01/31  v 3.6
)
(d:/tools/LaTex/install/texlive/2018/texmf-dist/tex/latex/setspace/setspace.sty
Package: setspace 2011/12/19 v6.7a set line spacing
)
(d:/tools/LaTex/install/texlive/2018/texmf-dist/tex/latex/beamer/beamerthemeMad
rid.sty
(d:/tools/LaTex/install/texlive/2018/texmf-dist/tex/latex/beamer/beamercolorthe
mewhale.sty)
(d:/tools/LaTex/install/texlive/2018/texmf-dist/tex/latex/beamer/beamercolorthe
meorchid.sty)
(d:/tools/LaTex/install/texlive/2018/texmf-dist/tex/latex/beamer/beamerinnerthe
merounded.sty)
(d:/tools/LaTex/install/texlive/2018/texmf-dist/tex/latex/beamer/beamerouterthe
meinfolines.sty))
(d:/tools/LaTex/install/texlive/2018/texmf-dist/tex/latex/beamer/beamercolorthe
mebeaver.sty)
(d:/tools/LaTex/install/texlive/2018/texmf-dist/tex/latex/booktabs/booktabs.sty
Package: booktabs 2016/04/27 v1.618033 publication quality tables
\heavyrulewidth=\dimen301
\lightrulewidth=\dimen302
\cmidrulewidth=\dimen303
\belowrulesep=\dimen304
\belowbottomsep=\dimen305
\aboverulesep=\dimen306
\abovetopsep=\dimen307
\cmidrulesep=\dimen308
\cmidrulekern=\dimen309
\defaultaddspace=\dimen310
\@cmidla=\count370
\@cmidlb=\count371
\@aboverulesep=\dimen311
\@belowrulesep=\dimen312
\@thisruleclass=\count372
\@lastruleclass=\count373
\@thisrulewidth=\dimen313
)
(d:/tools/LaTex/install/texlive/2018/texmf-dist/tex/latex/cjk/texinput/extended
.enc
File: extended.enc 2015/04/18 4.8.4
)
(d:/tools/LaTex/install/texlive/2018/texmf-dist/tex/latex/cjk/texinput/extended
.chr
File: extended.chr 2015/04/18 4.8.4
) (./SVM.aux

LaTeX Warning: Label `fig:side:b' multiply defined.


LaTeX Warning: Label `fig:side:b' multiply defined.


LaTeX Warning: Label `fig:side:b' multiply defined.


LaTeX Warning: Label `fig:side:a' multiply defined.


LaTeX Warning: Label `fig:side:b' multiply defined.


LaTeX Warning: Label `fig:side:a' multiply defined.


LaTeX Warning: Label `fig:side:a' multiply defined.


LaTeX Warning: Label `fig:side:a' multiply defined.


LaTeX Warning: Label `fig:side:b' multiply defined.


LaTeX Warning: Label `fig:side:b' multiply defined.


LaTeX Warning: Label `fig:side:a' multiply defined.


LaTeX Warning: Label `fig:side:b' multiply defined.


LaTeX Warning: Label `fig:side:b' multiply defined.


LaTeX Warning: Label `fig:side:b' multiply defined.


LaTeX Warning: Label `fig:side:b' multiply defined.


LaTeX Warning: Label `fig:side:b' multiply defined.


LaTeX Warning: Label `fig:side:b' multiply defined.

)
\openout1 = `SVM.aux'.

LaTeX Font Info:    Checking defaults for OML/cmm/m/it on input line 45.
LaTeX Font Info:    ... okay on input line 45.
LaTeX Font Info:    Checking defaults for T1/cmr/m/n on input line 45.
LaTeX Font Info:    ... okay on input line 45.
LaTeX Font Info:    Checking defaults for OT1/cmr/m/n on input line 45.
LaTeX Font Info:    ... okay on input line 45.
LaTeX Font Info:    Checking defaults for OMS/cmsy/m/n on input line 45.
LaTeX Font Info:    ... okay on input line 45.
LaTeX Font Info:    Checking defaults for OMX/cmex/m/n on input line 45.
LaTeX Font Info:    ... okay on input line 45.
LaTeX Font Info:    Checking defaults for U/cmr/m/n on input line 45.
LaTeX Font Info:    ... okay on input line 45.
LaTeX Font Info:    Checking defaults for PD1/pdf/m/n on input line 45.
LaTeX Font Info:    ... okay on input line 45.
LaTeX Font Info:    Checking defaults for C00/song/m/n on input line 45.
LaTeX Font Info:    ... okay on input line 45.
LaTeX Font Info:    Checking defaults for C05/song/m/n on input line 45.
LaTeX Font Info:    ... okay on input line 45.
LaTeX Font Info:    Checking defaults for C09/song/m/n on input line 45.
LaTeX Font Info:    ... okay on input line 45.
LaTeX Font Info:    Checking defaults for C10/song/m/n on input line 45.
LaTeX Font Info:    ... okay on input line 45.
LaTeX Font Info:    Checking defaults for C20/song/m/n on input line 45.
LaTeX Font Info:    ... okay on input line 45.
LaTeX Font Info:    Checking defaults for C19/song/m/n on input line 45.
LaTeX Font Info:    ... okay on input line 45.
LaTeX Font Info:    Checking defaults for C40/song/m/n on input line 45.
LaTeX Font Info:    ... okay on input line 45.
LaTeX Font Info:    Checking defaults for C42/song/m/n on input line 45.
LaTeX Font Info:    ... okay on input line 45.
LaTeX Font Info:    Checking defaults for C43/song/m/n on input line 45.
LaTeX Font Info:    ... okay on input line 45.
LaTeX Font Info:    Checking defaults for C50/song/m/n on input line 45.
LaTeX Font Info:    ... okay on input line 45.
LaTeX Font Info:    Checking defaults for C52/song/m/n on input line 45.
LaTeX Font Info:    ... okay on input line 45.
LaTeX Font Info:    Checking defaults for C49/song/m/n on input line 45.
LaTeX Font Info:    ... okay on input line 45.
LaTeX Font Info:    Checking defaults for C60/mj/m/n on input line 45.
LaTeX Font Info:    ... okay on input line 45.
LaTeX Font Info:    Checking defaults for C61/mj/m/n on input line 45.
LaTeX Font Info:    ... okay on input line 45.
LaTeX Font Info:    Checking defaults for C63/mj/m/n on input line 45.
LaTeX Font Info:    ... okay on input line 45.
LaTeX Font Info:    Checking defaults for C64/mj/m/n on input line 45.
LaTeX Font Info:    ... okay on input line 45.
LaTeX Font Info:    Checking defaults for C65/mj/m/n on input line 45.
LaTeX Font Info:    ... okay on input line 45.
LaTeX Font Info:    Checking defaults for C70/song/m/n on input line 45.
LaTeX Font Info:    ... okay on input line 45.
LaTeX Font Info:    Checking defaults for C31/song/m/n on input line 45.
LaTeX Font Info:    ... okay on input line 45.
LaTeX Font Info:    Checking defaults for C32/song/m/n on input line 45.
LaTeX Font Info:    ... okay on input line 45.
LaTeX Font Info:    Checking defaults for C33/song/m/n on input line 45.
LaTeX Font Info:    ... okay on input line 45.
LaTeX Font Info:    Checking defaults for C34/song/m/n on input line 45.
LaTeX Font Info:    ... okay on input line 45.
LaTeX Font Info:    Checking defaults for C35/song/m/n on input line 45.
LaTeX Font Info:    ... okay on input line 45.
LaTeX Font Info:    Checking defaults for C36/song/m/n on input line 45.
LaTeX Font Info:    ... okay on input line 45.
LaTeX Font Info:    Checking defaults for C37/song/m/n on input line 45.
LaTeX Font Info:    ... okay on input line 45.
LaTeX Font Info:    Checking defaults for C80/song/m/n on input line 45.
LaTeX Font Info:    ... okay on input line 45.
LaTeX Font Info:    Checking defaults for C81/song/m/n on input line 45.
LaTeX Font Info:    ... okay on input line 45.
LaTeX Font Info:    Checking defaults for C01/song/m/n on input line 45.
LaTeX Font Info:    ... okay on input line 45.
LaTeX Font Info:    Checking defaults for C11/song/m/n on input line 45.
LaTeX Font Info:    ... okay on input line 45.
LaTeX Font Info:    Checking defaults for C21/song/m/n on input line 45.
LaTeX Font Info:    ... okay on input line 45.
LaTeX Font Info:    Checking defaults for C41/song/m/n on input line 45.
LaTeX Font Info:    ... okay on input line 45.
LaTeX Font Info:    Checking defaults for C62/song/m/n on input line 45.
LaTeX Font Info:    ... okay on input line 45.
LaTeX Font Info:    Checking defaults for TS1/cmr/m/n on input line 45.
LaTeX Font Info:    ... okay on input line 45.
LaTeX Font Info:    Checking defaults for PU/pdf/m/n on input line 45.
LaTeX Font Info:    ... okay on input line 45.

*geometry* driver: auto-detecting
*geometry* detected driver: pdftex
*geometry* verbose mode - [ preamble ] result:
* driver: pdftex
* paper: custom
* layout: <same size as paper>
* layoutoffset:(h,v)=(0.0pt,0.0pt)
* modes: includehead includefoot 
* h-part:(L,W,R)=(9.24994pt, 345.69548pt, 9.24994pt)
* v-part:(T,H,B)=(0.0pt, 273.14662pt, 0.0pt)
* \paperwidth=364.19536pt
* \paperheight=273.14662pt
* \textwidth=345.69548pt
* \textheight=244.6939pt
* \oddsidemargin=-63.02005pt
* \evensidemargin=-63.02005pt
* \topmargin=-72.26999pt
* \headheight=14.22636pt
* \headsep=0.0pt
* \topskip=9.0pt
* \footskip=14.22636pt
* \marginparwidth=4.0pt
* \marginparsep=10.0pt
* \columnsep=10.0pt
* \skip\footins=8.0pt plus 4.0pt minus 2.0pt
* \hoffset=0.0pt
* \voffset=0.0pt
* \mag=1000
* \@twocolumnfalse
* \@twosidefalse
* \@mparswitchfalse
* \@reversemarginfalse
* (1in=72.27pt=25.4mm, 1cm=28.453pt)


(d:/tools/LaTex/install/texlive/2018/texmf-dist/tex/context/base/mkii/supp-pdf.
mkii
[Loading MPS to PDF converter (version 2006.09.02).]
\scratchcounter=\count374
\scratchdimen=\dimen314
\scratchbox=\box89
\nofMPsegments=\count375
\nofMParguments=\count376
\everyMPshowfont=\toks52
\MPscratchCnt=\count377
\MPscratchDim=\dimen315
\MPnumerator=\count378
\makeMPintoPDFobject=\count379
\everyMPtoPDFconversion=\toks53
)
(d:/tools/LaTex/install/texlive/2018/texmf-dist/tex/latex/oberdiek/epstopdf-bas
e.sty
Package: epstopdf-base 2016/05/15 v2.6 Base part for package epstopdf

(d:/tools/LaTex/install/texlive/2018/texmf-dist/tex/latex/oberdiek/grfext.sty
Package: grfext 2016/05/16 v1.2 Manage graphics extensions (HO)
)
Package epstopdf-base Info: Redefining graphics rule for `.eps' on input line 4
38.
Package grfext Info: Graphics extension search list:
(grfext)             [.pdf,.png,.jpg,.mps,.jpeg,.jbig2,.jb2,.PDF,.PNG,.JPG,.JPE
G,.JBIG2,.JB2,.eps]
(grfext)             \AppendGraphicsExtensions on input line 456.

(d:/tools/LaTex/install/texlive/2018/texmf-dist/tex/latex/latexconfig/epstopdf-
sys.cfg
File: epstopdf-sys.cfg 2010/07/13 v1.3 Configuration of (r)epstopdf for TeX Liv
e
)) ABD: EveryShipout initializing macros
\AtBeginShipoutBox=\box90
Package hyperref Info: Link coloring OFF on input line 45.

(d:/tools/LaTex/install/texlive/2018/texmf-dist/tex/latex/hyperref/nameref.sty
Package: nameref 2016/05/21 v2.44 Cross-referencing by name of section

(d:/tools/LaTex/install/texlive/2018/texmf-dist/tex/generic/oberdiek/gettitlest
ring.sty
Package: gettitlestring 2016/05/16 v1.5 Cleanup title references (HO)
)
\c@section@level=\count380
)
LaTeX Info: Redefining \ref on input line 45.
LaTeX Info: Redefining \pageref on input line 45.
LaTeX Info: Redefining \nameref on input line 45.
 (./SVM.out) (./SVM.out)
\@outlinefile=\write5
\openout5 = `SVM.out'.

LaTeX Font Info:    Overwriting symbol font `operators' in version `normal'
(Font)                  OT1/cmr/m/n --> OT1/cmss/m/n on input line 45.
LaTeX Font Info:    Overwriting symbol font `operators' in version `bold'
(Font)                  OT1/cmr/bx/n --> OT1/cmss/bx/n on input line 45.
\symnumbers=\mathgroup6
\sympureletters=\mathgroup7
LaTeX Font Info:    Overwriting math alphabet `\mathrm' in version `normal'
(Font)                  OT1/cmss/m/n --> OT1/cmr/m/n on input line 45.
LaTeX Font Info:    Redeclaring math alphabet \mathbf on input line 45.
LaTeX Font Info:    Overwriting math alphabet `\mathbf' in version `normal'
(Font)                  OT1/cmr/bx/n --> OT1/cmss/bx/n on input line 45.
LaTeX Font Info:    Overwriting math alphabet `\mathbf' in version `bold'
(Font)                  OT1/cmr/bx/n --> OT1/cmss/bx/n on input line 45.
LaTeX Font Info:    Redeclaring math alphabet \mathsf on input line 45.
LaTeX Font Info:    Overwriting math alphabet `\mathsf' in version `normal'
(Font)                  OT1/cmss/m/n --> OT1/cmss/m/n on input line 45.
LaTeX Font Info:    Overwriting math alphabet `\mathsf' in version `bold'
(Font)                  OT1/cmss/bx/n --> OT1/cmss/m/n on input line 45.
LaTeX Font Info:    Redeclaring math alphabet \mathit on input line 45.
LaTeX Font Info:    Overwriting math alphabet `\mathit' in version `normal'
(Font)                  OT1/cmr/m/it --> OT1/cmss/m/it on input line 45.
LaTeX Font Info:    Overwriting math alphabet `\mathit' in version `bold'
(Font)                  OT1/cmr/bx/it --> OT1/cmss/m/it on input line 45.
LaTeX Font Info:    Redeclaring math alphabet \mathtt on input line 45.
LaTeX Font Info:    Overwriting math alphabet `\mathtt' in version `normal'
(Font)                  OT1/cmtt/m/n --> OT1/cmtt/m/n on input line 45.
LaTeX Font Info:    Overwriting math alphabet `\mathtt' in version `bold'
(Font)                  OT1/cmtt/m/n --> OT1/cmtt/m/n on input line 45.
LaTeX Font Info:    Overwriting symbol font `numbers' in version `bold'
(Font)                  OT1/cmss/m/n --> OT1/cmss/bx/n on input line 45.
LaTeX Font Info:    Overwriting symbol font `pureletters' in version `bold'
(Font)                  OT1/cmss/m/it --> OT1/cmss/bx/it on input line 45.
LaTeX Font Info:    Overwriting math alphabet `\mathrm' in version `bold'
(Font)                  OT1/cmss/bx/n --> OT1/cmr/bx/n on input line 45.
LaTeX Font Info:    Overwriting math alphabet `\mathbf' in version `bold'
(Font)                  OT1/cmss/bx/n --> OT1/cmss/bx/n on input line 45.
LaTeX Font Info:    Overwriting math alphabet `\mathsf' in version `bold'
(Font)                  OT1/cmss/m/n --> OT1/cmss/bx/n on input line 45.
LaTeX Font Info:    Overwriting math alphabet `\mathit' in version `bold'
(Font)                  OT1/cmss/m/it --> OT1/cmss/bx/it on input line 45.
LaTeX Font Info:    Overwriting math alphabet `\mathtt' in version `bold'
(Font)                  OT1/cmtt/m/n --> OT1/cmtt/bx/n on input line 45.
LaTeX Font Info:    Redeclaring symbol font `pureletters' on input line 45.
LaTeX Font Info:    Overwriting symbol font `pureletters' in version `normal'
(Font)                  OT1/cmss/m/it --> OT1/mathkerncmss/m/sl on input line 4
5.
LaTeX Font Info:    Overwriting symbol font `pureletters' in version `bold'
(Font)                  OT1/cmss/bx/it --> OT1/mathkerncmss/m/sl on input line 
45.
LaTeX Font Info:    Overwriting symbol font `pureletters' in version `bold'
(Font)                  OT1/mathkerncmss/m/sl --> OT1/mathkerncmss/bx/sl on inp
ut line 45.

(d:/tools/LaTex/install/texlive/2018/texmf-dist/tex/latex/translator/translator
-basic-dictionary-English.dict
Dictionary: translator-basic-dictionary, Language: English 
)
(d:/tools/LaTex/install/texlive/2018/texmf-dist/tex/latex/translator/translator
-bibliography-dictionary-English.dict
Dictionary: translator-bibliography-dictionary, Language: English 
)
(d:/tools/LaTex/install/texlive/2018/texmf-dist/tex/latex/translator/translator
-environment-dictionary-English.dict
Dictionary: translator-environment-dictionary, Language: English 
)
(d:/tools/LaTex/install/texlive/2018/texmf-dist/tex/latex/translator/translator
-months-dictionary-English.dict
Dictionary: translator-months-dictionary, Language: English 
)
(d:/tools/LaTex/install/texlive/2018/texmf-dist/tex/latex/translator/translator
-numbers-dictionary-English.dict
Dictionary: translator-numbers-dictionary, Language: English 
)
(d:/tools/LaTex/install/texlive/2018/texmf-dist/tex/latex/translator/translator
-theorem-dictionary-English.dict
Dictionary: translator-theorem-dictionary, Language: English 
)
(d:/tools/LaTex/install/texlive/2018/texmf-dist/tex/latex/ctex/dictionary/trans
lator-theorem-dictionary-ChineseGBK.dict
Dictionary: translator-theorem-dictionary, Language: ChineseGBK 2018/05/01 v2.4
.14 Chinese translation for theorem name (CTEX)
)
ABD: EverySelectfont initializing macros
LaTeX Info: Redefining \selectfont on input line 45.
Package hyperref Info: Option `CJKbookmarks' set `false' on input line 45.
 (./SVM.nav)
LaTeX Font Info:    Try loading font information for C19+zhhei on input line 45
.

(d:/tools/LaTex/install/texlive/2018/texmf-dist/tex/latex/zhmetrics/c19zhhei.fd
File: c19zhhei.fd 2009/09/23 4.8.2
)<<c1951.cmap>><<c1963.cmap>><<c1954.cmap>>

Package hyperref Warning: Option `pdfauthor' has already been used,
(hyperref)                setting the option has no effect on input line 53.

LaTeX Font Info:    Try loading font information for C19+kai on input line 66.
(d:/tools/LaTex/install/texlive/2018/texmf-dist/tex/latex/zhmetrics/c19kai.fd
File: c19kai.fd 2009/09/23 4.8.2
)<<c1965.cmap>><<c1942.cmap>><<c1943.cmap>>

LaTeX Font Warning: Font shape `OT1/cmss/m/it' in size <6> not available
(Font)              Font shape `OT1/cmss/m/sl' tried instead on input line 66.



pdfTeX warning: pdflatex.exe (file ./logo.pdf): PDF inclusion: found PDF versio
n <1.6>, but at most version <1.5> allowed
<logo.pdf, id=74, 200.75pt x 200.75pt>
File: logo.pdf Graphic file (type pdf)
<use logo.pdf>
Package pdftex.def Info: logo.pdf  used on input line 66.
(pdftex.def)             Requested size: 36.98866pt x 36.98807pt.

(d:/tools/LaTex/install/texlive/2018/texmf-dist/tex/generic/ctex/zhwindowsfonts
.tex
File: zhwindowsfonts.tex 2018/05/01 v2.4.14 Windows font map loader for pdfTeX 
and DVIPDFMx (CTEX)
) [1

 <./logo.pdf>] (./SVM.toc) [2

] (./SVM.toc) [3

]
<note0.png, id=221, 262.9825pt x 260.975pt>
File: note0.png Graphic file (type png)
<use note0.png>
Package pdftex.def Info: note0.png  used on input line 104.
(pdftex.def)             Requested size: 120.99551pt x 120.07385pt.
<<c1957.cmap>>
<note0_2.png, id=223, 181.27725pt x 153.57375pt>
File: note0_2.png Graphic file (type png)
<use note0_2.png>
Package pdftex.def Info: note0_2.png  used on input line 104.
(pdftex.def)             Requested size: 138.27608pt x 117.15077pt.
 [4

 <./note0.png> <./note0_2.png>]
LaTeX Font Info:    Try loading font information for OMS+cmss on input line 133
.
LaTeX Font Info:    No file OMScmss.fd. on input line 133.


LaTeX Font Warning: Font shape `OMS/cmss/m/n' undefined
(Font)              using `OMS/cmsy/m/n' instead
(Font)              for symbol `textbraceleft' on input line 133.

LaTeX Font Info:    Try loading font information for U+msa on input line 133.
(d:/tools/LaTex/install/texlive/2018/texmf-dist/tex/latex/amsfonts/umsa.fd
File: umsa.fd 2013/01/14 v3.01 AMS symbols A
)
LaTeX Font Info:    Try loading font information for U+msb on input line 133.

(d:/tools/LaTex/install/texlive/2018/texmf-dist/tex/latex/amsfonts/umsb.fd
File: umsb.fd 2013/01/14 v3.01 AMS symbols B
)
LaTeX Font Info:    Try loading font information for OT1+mathkerncmss on input 
line 133.

(d:/tools/LaTex/install/texlive/2018/texmf-dist/tex/latex/sansmathaccent/ot1mat
hkerncmss.fd
File: ot1mathkerncmss.fd 2013/03/27 Fontinst v1.933 font definitions for OT1/ma
thkerncmss.
)
<note0_1.png, id=258, 276.03125pt x 253.94875pt>
File: note0_1.png Graphic file (type png)
<use note0_1.png>
Package pdftex.def Info: note0_1.png  used on input line 133.
(pdftex.def)             Requested size: 120.99551pt x 111.31541pt.
pdfTeX warning (ext4): destination with the same identifier (name{fig:side:b}) 
has been already used, duplicate ignored
<to be read again> 
                   \relax 
l.133 \end{frame}
                 
Underfull \hbox (badness 10000) in paragraph at lines 133--133

 []

[5

 <./note0_1.png (PNG copy)>]
File: note0_2.png Graphic file (type png)
<use note0_2.png>
Package pdftex.def Info: note0_2.png  used on input line 149.
(pdftex.def)             Requested size: 138.27608pt x 117.15077pt.
pdfTeX warning (ext4): destination with the same identifier (name{fig:side:b}) 
has been already used, duplicate ignored
<to be read again> 
                   \relax 
l.149 \end{frame}
                  [6

] (./SVM.toc) [7

]
<projection.png, id=354, 301.04971pt x 271.0125pt>
File: projection.png Graphic file (type png)
<use projection.png>
Package pdftex.def Info: projection.png  used on input line 193.
(pdftex.def)             Requested size: 120.99551pt x 108.91998pt.
pdfTeX warning (ext4): destination with the same identifier (name{fig:side:b}) 
has been already used, duplicate ignored
<to be read again> 
                   \relax 
l.193 \end{frame}
                  [8

 <./projection.png>] [9

] [10

] [11

] [12

]
<note1_2.png, id=491, 181.27725pt x 153.57375pt>
File: note1_2.png Graphic file (type png)
<use note1_2.png>
Package pdftex.def Info: note1_2.png  used on input line 296.
(pdftex.def)             Requested size: 126.8932pt x 107.50089pt.
 [13

 <./note1_2.png>]
<train_svm.png, id=520, 583.17876pt x 456.70625pt>
File: train_svm.png Graphic file (type png)
<use train_svm.png>
Package pdftex.def Info: train_svm.png  used on input line 326.
(pdftex.def)             Requested size: 138.27608pt x 108.28766pt.
pdfTeX warning (ext4): destination with the same identifier (name{fig:side:a}) 
has been already used, duplicate ignored
<to be read again> 
                   \relax 
l.326 \end{frame}
                 
<test_svm.png, id=521, 586.19pt x 441.65pt>
File: test_svm.png Graphic file (type png)
<use test_svm.png>
Package pdftex.def Info: test_svm.png  used on input line 326.
(pdftex.def)             Requested size: 138.27608pt x 104.17862pt.
pdfTeX warning (ext4): destination with the same identifier (name{fig:side:b}) 
has been already used, duplicate ignored
<to be read again> 
                   \relax 
l.326 \end{frame}
                  [14

 <./train_svm.png> <./test_svm.png>] (./SVM.toc) [15

]
<note_wrong0.png, id=587, 157.7895pt x 156.585pt>
File: note_wrong0.png Graphic file (type png)
<use note_wrong0.png>
Package pdftex.def Info: note_wrong0.png  used on input line 350.
(pdftex.def)             Requested size: 110.45189pt x 109.60873pt.
pdfTeX warning (ext4): destination with the same identifier (name{fig:side:a}) 
has been already used, duplicate ignored
<to be read again> 
                   \relax 
l.350 \end{frame}
                  [16

 <./note_wrong0.png>]
<note_wrong3.png, id=615, 157.7895pt x 156.585pt>
File: note_wrong3.png Graphic file (type png)
<use note_wrong3.png>
Package pdftex.def Info: note_wrong3.png  used on input line 369.
(pdftex.def)             Requested size: 110.45189pt x 109.60873pt.
pdfTeX warning (ext4): destination with the same identifier (name{fig:side:a}) 
has been already used, duplicate ignored
<to be read again> 
                   \relax 
l.369 \end{frame}
                  [17

 <./note_wrong3.png>] [18

] [19

] [20

] [21

]
<eg1_train.png, id=751, 562.1pt x 444.66125pt>
File: eg1_train.png Graphic file (type png)
<use eg1_train.png>
Package pdftex.def Info: eg1_train.png  used on input line 513.
(pdftex.def)             Requested size: 103.70969pt x 82.03712pt.
pdfTeX warning (ext4): destination with the same identifier (name{fig:side:a}) 
has been already used, duplicate ignored
<to be read again> 
                   \relax 
l.513 \end{frame}
                 
<eg2_train.png, id=752, 581.17125pt x 456.70625pt>
File: eg2_train.png Graphic file (type png)
<use eg2_train.png>
Package pdftex.def Info: eg2_train.png  used on input line 513.
(pdftex.def)             Requested size: 103.70969pt x 81.49973pt.
pdfTeX warning (ext4): destination with the same identifier (name{fig:side:b}) 
has been already used, duplicate ignored
<to be read again> 
                   \relax 
l.513 \end{frame}
                 
<eg3_train.png, id=753, 586.19pt x 456.70625pt>
File: eg3_train.png Graphic file (type png)
<use eg3_train.png>
Package pdftex.def Info: eg3_train.png  used on input line 513.
(pdftex.def)             Requested size: 103.70969pt x 80.79588pt.
pdfTeX warning (ext4): destination with the same identifier (name{fig:side:b}) 
has been already used, duplicate ignored
<to be read again> 
                   \relax 
l.513 \end{frame}
                 
<eg1_test.png, id=754, 566.115pt x 458.71375pt>
File: eg1_test.png Graphic file (type png)
<use eg1_test.png>
Package pdftex.def Info: eg1_test.png  used on input line 513.
(pdftex.def)             Requested size: 103.70969pt x 84.03477pt.
pdfTeX warning (ext4): destination with the same identifier (name{fig:side:a}) 
has been already used, duplicate ignored
<to be read again> 
                   \relax 
l.513 \end{frame}
                 
<eg2_test.png, id=755, 583.17876pt x 448.67625pt>
File: eg2_test.png Graphic file (type png)
<use eg2_test.png>
Package pdftex.def Info: eg2_test.png  used on input line 513.
(pdftex.def)             Requested size: 103.70969pt x 79.78607pt.
pdfTeX warning (ext4): destination with the same identifier (name{fig:side:b}) 
has been already used, duplicate ignored
<to be read again> 
                   \relax 
l.513 \end{frame}
                 
<eg3_test.png, id=756, 554.07pt x 445.665pt>
File: eg3_test.png Graphic file (type png)
<use eg3_test.png>
Package pdftex.def Info: eg3_test.png  used on input line 513.
(pdftex.def)             Requested size: 103.70969pt x 83.41917pt.
pdfTeX warning (ext4): destination with the same identifier (name{fig:side:b}) 
has been already used, duplicate ignored
<to be read again> 
                   \relax 
l.513 \end{frame}
                  [22

 <./eg1_train.png> <./eg2_train.png> <./eg3_train.png> <./eg1_test.png> <./eg2_
test.png> <./eg3_test.png>]
<eg4_train.png, id=789, 565.11125pt x 451.6875pt>
File: eg4_train.png Graphic file (type png)
<use eg4_train.png>
Package pdftex.def Info: eg4_train.png  used on input line 546.
(pdftex.def)             Requested size: 103.70969pt x 82.89233pt.
pdfTeX warning (ext4): destination with the same identifier (name{fig:side:b}) 
has been already used, duplicate ignored
<to be read again> 
                   \relax 
l.546 \end{frame}
                 
<eg5_train.png, id=790, 570.13pt x 451.6875pt>
File: eg5_train.png Graphic file (type png)
<use eg5_train.png>
Package pdftex.def Info: eg5_train.png  used on input line 546.
(pdftex.def)             Requested size: 103.70969pt x 82.16176pt.
pdfTeX warning (ext4): destination with the same identifier (name{fig:side:b}) 
has been already used, duplicate ignored
<to be read again> 
                   \relax 
l.546 \end{frame}
                 
<eg4_test.png, id=791, 588.1975pt x 448.67625pt>
File: eg4_test.png Graphic file (type png)
<use eg4_test.png>
Package pdftex.def Info: eg4_test.png  used on input line 546.
(pdftex.def)             Requested size: 103.70969pt x 79.10829pt.
pdfTeX warning (ext4): destination with the same identifier (name{fig:side:b}) 
has been already used, duplicate ignored
<to be read again> 
                   \relax 
l.546 \end{frame}
                 
<eg5_test.png, id=792, 576.1525pt x 447.6725pt>
File: eg5_test.png Graphic file (type png)
<use eg5_test.png>
Package pdftex.def Info: eg5_test.png  used on input line 546.
(pdftex.def)             Requested size: 103.70969pt x 80.57756pt.
pdfTeX warning (ext4): destination with the same identifier (name{fig:side:b}) 
has been already used, duplicate ignored
<to be read again> 
                   \relax 
l.546 \end{frame}
                  [23

 <./eg4_train.png> <./eg5_train.png> <./eg4_test.png> <./eg5_test.png>] [24

] (./SVM.toc) [25

] [26

] [27

]
\tf@nav=\write6
\openout6 = `SVM.nav'.

\tf@toc=\write7
\openout7 = `SVM.toc'.

\tf@snm=\write8
\openout8 = `SVM.snm'.

Package atveryend Info: Empty hook `BeforeClearDocument' on input line 592.
Package atveryend Info: Empty hook `AfterLastShipout' on input line 592.
 (./SVM.aux)
Package atveryend Info: Executing hook `AtVeryEndDocument' on input line 592.
Package atveryend Info: Executing hook `AtEndAfterFileList' on input line 592.
Package rerunfilecheck Info: File `SVM.out' has not changed.
(rerunfilecheck)             Checksum: 580CE3A0262E09F6DF62681796E7DD93;1827.


LaTeX Font Warning: Some font shapes were not available, defaults substituted.


LaTeX Warning: There were multiply-defined labels.

 ) 
Here is how much of TeX's memory you used:
 36188 strings out of 492616
 675972 string characters out of 6123248
 845114 words of memory out of 5000000
 39294 multiletter control sequences out of 15000+600000
 547591 words of font info for 79 fonts, out of 8000000 for 9000
 1141 hyphenation exceptions out of 8191
 56i,19n,70p,786b,965s stack positions out of 5000i,500n,10000p,200000b,80000s
<c:/Windows/Fonts/simhei.ttf><c:/Windows/Fonts/simhei.ttf><c:/Windows/Fonts/s
imhei.ttf><c:/Windows/Fonts/simhei.ttf><c:/Windows/Fonts/simhei.ttf><c:/Windows
/Fonts/simhei.ttf><c:/Windows/Fonts/simhei.ttf><c:/Windows/Fonts/simkai.ttf><c:
/Windows/Fonts/simkai.ttf><c:/Windows/Fonts/simkai.ttf><c:/Windows/Fonts/simkai
.ttf><c:/Windows/Fonts/simkai.ttf><c:/Windows/Fonts/simkai.ttf><d:/tools/LaTex/
install/texlive/2018/texmf-dist/fonts/type1/public/amsfonts/cmextra/cmex9.pfb><
d:/tools/LaTex/install/texlive/2018/texmf-dist/fonts/type1/public/amsfonts/cm/c
mmi10.pfb><d:/tools/LaTex/install/texlive/2018/texmf-dist/fonts/type1/public/am
sfonts/cm/cmmi6.pfb><d:/tools/LaTex/install/texlive/2018/texmf-dist/fonts/type1
/public/amsfonts/cm/cmmi9.pfb><d:/tools/LaTex/install/texlive/2018/texmf-dist/f
onts/type1/public/amsfonts/cm/cmr9.pfb><d:/tools/LaTex/install/texlive/2018/tex
mf-dist/fonts/type1/public/amsfonts/cm/cmss10.pfb><d:/tools/LaTex/install/texli
ve/2018/texmf-dist/fonts/type1/public/amsfonts/cm/cmss12.pfb><d:/tools/LaTex/in
stall/texlive/2018/texmf-dist/fonts/type1/public/amsfonts/cm/cmss17.pfb><d:/too
ls/LaTex/install/texlive/2018/texmf-dist/fonts/type1/public/amsfonts/cm/cmss8.p
fb><d:/tools/LaTex/install/texlive/2018/texmf-dist/fonts/type1/public/amsfonts/
cm/cmss9.pfb><d:/tools/LaTex/install/texlive/2018/texmf-dist/fonts/type1/public
/amsfonts/cm/cmssbx10.pfb><d:/tools/LaTex/install/texlive/2018/texmf-dist/fonts
/type1/public/amsfonts/cm/cmssi8.pfb><d:/tools/LaTex/install/texlive/2018/texmf
-dist/fonts/type1/public/amsfonts/cm/cmssi9.pfb><d:/tools/LaTex/install/texlive
/2018/texmf-dist/fonts/type1/public/amsfonts/cm/cmsy6.pfb><d:/tools/LaTex/insta
ll/texlive/2018/texmf-dist/fonts/type1/public/amsfonts/cm/cmsy9.pfb><d:/tools/L
aTex/install/texlive/2018/texmf-dist/fonts/type1/public/amsfonts/symbols/msam10
.pfb><d:/tools/LaTex/install/texlive/2018/texmf-dist/fonts/type1/public/amsfont
s/symbols/msbm10.pfb>
Output written on SVM.pdf (27 pages, 462556 bytes).
PDF statistics:
 1053 PDF objects out of 1200 (max. 8388607)
 921 compressed objects within 10 object streams
 70 named destinations out of 1000 (max. 500000)
 321 words of extra memory for PDF output out of 10000 (max. 10000000)

